{"/home/shay/a/kumar565/ece461/ECE-461-Project-Repo/src/gitAPIHandler.js": {"path":"/home/shay/a/kumar565/ece461/ECE-461-Project-Repo/src/gitAPIHandler.js","statementMap":{"0":{"start":{"line":1,"column":16},"end":{"line":9,"column":1}},"1":{"start":{"line":2,"column":28},"end":{"line":2,"column":110}},"2":{"start":{"line":2,"column":91},"end":{"line":2,"column":106}},"3":{"start":{"line":3,"column":4},"end":{"line":8,"column":7}},"4":{"start":{"line":4,"column":36},"end":{"line":4,"column":97}},"5":{"start":{"line":4,"column":42},"end":{"line":4,"column":70}},"6":{"start":{"line":4,"column":85},"end":{"line":4,"column":95}},"7":{"start":{"line":5,"column":35},"end":{"line":5,"column":100}},"8":{"start":{"line":5,"column":41},"end":{"line":5,"column":73}},"9":{"start":{"line":5,"column":88},"end":{"line":5,"column":98}},"10":{"start":{"line":6,"column":32},"end":{"line":6,"column":116}},"11":{"start":{"line":7,"column":8},"end":{"line":7,"column":78}},"12":{"start":{"line":16,"column":20},"end":{"line":16,"column":35}},"13":{"start":{"line":19,"column":8},"end":{"line":19,"column":32}},"14":{"start":{"line":20,"column":24},"end":{"line":20,"column":43}},"15":{"start":{"line":21,"column":8},"end":{"line":21,"column":88}},"16":{"start":{"line":22,"column":8},"end":{"line":24,"column":11}},"17":{"start":{"line":27,"column":8},"end":{"line":39,"column":11}},"18":{"start":{"line":28,"column":12},"end":{"line":38,"column":13}},"19":{"start":{"line":29,"column":33},"end":{"line":32,"column":18}},"20":{"start":{"line":33,"column":16},"end":{"line":33,"column":102}},"21":{"start":{"line":34,"column":16},"end":{"line":34,"column":37}},"22":{"start":{"line":37,"column":16},"end":{"line":37,"column":75}},"23":{"start":{"line":43,"column":8},"end":{"line":72,"column":11}},"24":{"start":{"line":44,"column":26},"end":{"line":44,"column":28}},"25":{"start":{"line":45,"column":23},"end":{"line":45,"column":24}},"26":{"start":{"line":46,"column":28},"end":{"line":46,"column":31}},"27":{"start":{"line":47,"column":12},"end":{"line":71,"column":13}},"28":{"start":{"line":48,"column":16},"end":{"line":66,"column":17}},"29":{"start":{"line":49,"column":37},"end":{"line":57,"column":22}},"30":{"start":{"line":59,"column":20},"end":{"line":59,"column":60}},"31":{"start":{"line":61,"column":20},"end":{"line":63,"column":21}},"32":{"start":{"line":62,"column":24},"end":{"line":62,"column":30}},"33":{"start":{"line":65,"column":20},"end":{"line":65,"column":30}},"34":{"start":{"line":67,"column":16},"end":{"line":67,"column":31}},"35":{"start":{"line":70,"column":16},"end":{"line":70,"column":66}},"36":{"start":{"line":75,"column":8},"end":{"line":90,"column":11}},"37":{"start":{"line":76,"column":12},"end":{"line":89,"column":13}},"38":{"start":{"line":77,"column":33},"end":{"line":80,"column":18}},"39":{"start":{"line":82,"column":39},"end":{"line":82,"column":60}},"40":{"start":{"line":83,"column":47},"end":{"line":83,"column":102}},"41":{"start":{"line":84,"column":16},"end":{"line":84,"column":90}},"42":{"start":{"line":85,"column":16},"end":{"line":85,"column":46}},"43":{"start":{"line":88,"column":16},"end":{"line":88,"column":64}},"44":{"start":{"line":93,"column":8},"end":{"line":103,"column":11}},"45":{"start":{"line":94,"column":33},"end":{"line":94,"column":43}},"46":{"start":{"line":95,"column":12},"end":{"line":95,"column":63}},"47":{"start":{"line":96,"column":27},"end":{"line":101,"column":14}},"48":{"start":{"line":102,"column":12},"end":{"line":102,"column":31}},"49":{"start":{"line":107,"column":8},"end":{"line":117,"column":11}},"50":{"start":{"line":108,"column":33},"end":{"line":108,"column":43}},"51":{"start":{"line":109,"column":12},"end":{"line":109,"column":63}},"52":{"start":{"line":110,"column":33},"end":{"line":115,"column":14}},"53":{"start":{"line":116,"column":12},"end":{"line":116,"column":37}},"54":{"start":{"line":121,"column":8},"end":{"line":133,"column":11}},"55":{"start":{"line":123,"column":34},"end":{"line":123,"column":44}},"56":{"start":{"line":124,"column":12},"end":{"line":124,"column":64}},"57":{"start":{"line":125,"column":28},"end":{"line":129,"column":14}},"58":{"start":{"line":131,"column":12},"end":{"line":131,"column":80}},"59":{"start":{"line":132,"column":12},"end":{"line":132,"column":32}},"60":{"start":{"line":136,"column":8},"end":{"line":162,"column":11}},"61":{"start":{"line":137,"column":12},"end":{"line":161,"column":13}},"62":{"start":{"line":139,"column":33},"end":{"line":143,"column":18}},"63":{"start":{"line":144,"column":28},"end":{"line":144,"column":30}},"64":{"start":{"line":145,"column":16},"end":{"line":154,"column":17}},"65":{"start":{"line":146,"column":20},"end":{"line":150,"column":21}},"66":{"start":{"line":147,"column":24},"end":{"line":149,"column":25}},"67":{"start":{"line":148,"column":28},"end":{"line":148,"column":50}},"68":{"start":{"line":153,"column":20},"end":{"line":153,"column":51}},"69":{"start":{"line":155,"column":16},"end":{"line":155,"column":58}},"70":{"start":{"line":156,"column":16},"end":{"line":156,"column":29}},"71":{"start":{"line":159,"column":16},"end":{"line":159,"column":62}},"72":{"start":{"line":160,"column":16},"end":{"line":160,"column":28}},"73":{"start":{"line":165,"column":8},"end":{"line":186,"column":11}},"74":{"start":{"line":166,"column":12},"end":{"line":185,"column":13}},"75":{"start":{"line":167,"column":33},"end":{"line":171,"column":18}},"76":{"start":{"line":173,"column":16},"end":{"line":180,"column":17}},"77":{"start":{"line":174,"column":36},"end":{"line":174,"column":98}},"78":{"start":{"line":175,"column":20},"end":{"line":175,"column":35}},"79":{"start":{"line":178,"column":20},"end":{"line":178,"column":65}},"80":{"start":{"line":179,"column":20},"end":{"line":179,"column":67}},"81":{"start":{"line":183,"column":16},"end":{"line":183,"column":69}},"82":{"start":{"line":184,"column":16},"end":{"line":184,"column":28}},"83":{"start":{"line":189,"column":8},"end":{"line":203,"column":11}},"84":{"start":{"line":190,"column":12},"end":{"line":202,"column":13}},"85":{"start":{"line":191,"column":33},"end":{"line":191,"column":61}},"86":{"start":{"line":192,"column":37},"end":{"line":192,"column":39}},"87":{"start":{"line":193,"column":16},"end":{"line":196,"column":17}},"88":{"start":{"line":194,"column":36},"end":{"line":194,"column":69}},"89":{"start":{"line":195,"column":20},"end":{"line":195,"column":47}},"90":{"start":{"line":197,"column":16},"end":{"line":197,"column":36}},"91":{"start":{"line":200,"column":16},"end":{"line":200,"column":94}},"92":{"start":{"line":201,"column":16},"end":{"line":201,"column":26}}},"fnMap":{"0":{"name":"(anonymous_0)","decl":{"start":{"line":1,"column":44},"end":{"line":1,"column":52}},"loc":{"start":{"line":1,"column":89},"end":{"line":9,"column":1}}},"1":{"name":"adopt","decl":{"start":{"line":2,"column":13},"end":{"line":2,"column":18}},"loc":{"start":{"line":2,"column":26},"end":{"line":2,"column":112}}},"2":{"name":"(anonymous_2)","decl":{"start":{"line":2,"column":70},"end":{"line":2,"column":78}},"loc":{"start":{"line":2,"column":89},"end":{"line":2,"column":108}}},"3":{"name":"(anonymous_3)","decl":{"start":{"line":3,"column":36},"end":{"line":3,"column":44}},"loc":{"start":{"line":3,"column":63},"end":{"line":8,"column":5}}},"4":{"name":"fulfilled","decl":{"start":{"line":4,"column":17},"end":{"line":4,"column":26}},"loc":{"start":{"line":4,"column":34},"end":{"line":4,"column":99}}},"5":{"name":"rejected","decl":{"start":{"line":5,"column":17},"end":{"line":5,"column":25}},"loc":{"start":{"line":5,"column":33},"end":{"line":5,"column":102}}},"6":{"name":"step","decl":{"start":{"line":6,"column":17},"end":{"line":6,"column":21}},"loc":{"start":{"line":6,"column":30},"end":{"line":6,"column":118}}},"7":{"name":"(anonymous_7)","decl":{"start":{"line":18,"column":4},"end":{"line":18,"column":15}},"loc":{"start":{"line":18,"column":21},"end":{"line":25,"column":5}}},"8":{"name":"(anonymous_8)","decl":{"start":{"line":26,"column":4},"end":{"line":26,"column":18}},"loc":{"start":{"line":26,"column":21},"end":{"line":40,"column":5}}},"9":{"name":"(anonymous_9)","decl":{"start":{"line":27,"column":47},"end":{"line":27,"column":55}},"loc":{"start":{"line":27,"column":60},"end":{"line":39,"column":9}}},"10":{"name":"(anonymous_10)","decl":{"start":{"line":42,"column":4},"end":{"line":42,"column":20}},"loc":{"start":{"line":42,"column":23},"end":{"line":73,"column":5}}},"11":{"name":"(anonymous_11)","decl":{"start":{"line":43,"column":47},"end":{"line":43,"column":55}},"loc":{"start":{"line":43,"column":60},"end":{"line":72,"column":9}}},"12":{"name":"(anonymous_12)","decl":{"start":{"line":74,"column":4},"end":{"line":74,"column":14}},"loc":{"start":{"line":74,"column":17},"end":{"line":91,"column":5}}},"13":{"name":"(anonymous_13)","decl":{"start":{"line":75,"column":47},"end":{"line":75,"column":55}},"loc":{"start":{"line":75,"column":60},"end":{"line":90,"column":9}}},"14":{"name":"(anonymous_14)","decl":{"start":{"line":92,"column":4},"end":{"line":92,"column":13}},"loc":{"start":{"line":92,"column":16},"end":{"line":104,"column":5}}},"15":{"name":"(anonymous_15)","decl":{"start":{"line":93,"column":47},"end":{"line":93,"column":55}},"loc":{"start":{"line":93,"column":60},"end":{"line":103,"column":9}}},"16":{"name":"(anonymous_16)","decl":{"start":{"line":106,"column":4},"end":{"line":106,"column":19}},"loc":{"start":{"line":106,"column":22},"end":{"line":118,"column":5}}},"17":{"name":"(anonymous_17)","decl":{"start":{"line":107,"column":47},"end":{"line":107,"column":55}},"loc":{"start":{"line":107,"column":60},"end":{"line":117,"column":9}}},"18":{"name":"(anonymous_18)","decl":{"start":{"line":120,"column":4},"end":{"line":120,"column":19}},"loc":{"start":{"line":120,"column":22},"end":{"line":134,"column":5}}},"19":{"name":"(anonymous_19)","decl":{"start":{"line":121,"column":47},"end":{"line":121,"column":55}},"loc":{"start":{"line":121,"column":60},"end":{"line":133,"column":9}}},"20":{"name":"(anonymous_20)","decl":{"start":{"line":135,"column":4},"end":{"line":135,"column":17}},"loc":{"start":{"line":135,"column":24},"end":{"line":163,"column":5}}},"21":{"name":"(anonymous_21)","decl":{"start":{"line":136,"column":47},"end":{"line":136,"column":55}},"loc":{"start":{"line":136,"column":60},"end":{"line":162,"column":9}}},"22":{"name":"(anonymous_22)","decl":{"start":{"line":164,"column":4},"end":{"line":164,"column":20}},"loc":{"start":{"line":164,"column":27},"end":{"line":187,"column":5}}},"23":{"name":"(anonymous_23)","decl":{"start":{"line":165,"column":47},"end":{"line":165,"column":55}},"loc":{"start":{"line":165,"column":60},"end":{"line":186,"column":9}}},"24":{"name":"(anonymous_24)","decl":{"start":{"line":188,"column":4},"end":{"line":188,"column":22}},"loc":{"start":{"line":188,"column":25},"end":{"line":204,"column":5}}},"25":{"name":"(anonymous_25)","decl":{"start":{"line":189,"column":47},"end":{"line":189,"column":55}},"loc":{"start":{"line":189,"column":60},"end":{"line":203,"column":9}}}},"branchMap":{"0":{"loc":{"start":{"line":1,"column":16},"end":{"line":9,"column":1}},"type":"binary-expr","locations":[{"start":{"line":1,"column":17},"end":{"line":1,"column":21}},{"start":{"line":1,"column":25},"end":{"line":1,"column":39}},{"start":{"line":1,"column":44},"end":{"line":9,"column":1}}]},"1":{"loc":{"start":{"line":2,"column":35},"end":{"line":2,"column":109}},"type":"cond-expr","locations":[{"start":{"line":2,"column":56},"end":{"line":2,"column":61}},{"start":{"line":2,"column":64},"end":{"line":2,"column":109}}]},"2":{"loc":{"start":{"line":3,"column":16},"end":{"line":3,"column":34}},"type":"binary-expr","locations":[{"start":{"line":3,"column":16},"end":{"line":3,"column":17}},{"start":{"line":3,"column":22},"end":{"line":3,"column":33}}]},"3":{"loc":{"start":{"line":6,"column":32},"end":{"line":6,"column":115}},"type":"cond-expr","locations":[{"start":{"line":6,"column":46},"end":{"line":6,"column":67}},{"start":{"line":6,"column":70},"end":{"line":6,"column":115}}]},"4":{"loc":{"start":{"line":7,"column":51},"end":{"line":7,"column":67}},"type":"binary-expr","locations":[{"start":{"line":7,"column":51},"end":{"line":7,"column":61}},{"start":{"line":7,"column":65},"end":{"line":7,"column":67}}]},"5":{"loc":{"start":{"line":61,"column":20},"end":{"line":63,"column":21}},"type":"if","locations":[{"start":{"line":61,"column":20},"end":{"line":63,"column":21}},{"start":{},"end":{}}]},"6":{"loc":{"start":{"line":145,"column":16},"end":{"line":154,"column":17}},"type":"if","locations":[{"start":{"line":145,"column":16},"end":{"line":154,"column":17}},{"start":{"line":152,"column":21},"end":{"line":154,"column":17}}]},"7":{"loc":{"start":{"line":147,"column":24},"end":{"line":149,"column":25}},"type":"if","locations":[{"start":{"line":147,"column":24},"end":{"line":149,"column":25}},{"start":{},"end":{}}]},"8":{"loc":{"start":{"line":173,"column":16},"end":{"line":180,"column":17}},"type":"if","locations":[{"start":{"line":173,"column":16},"end":{"line":180,"column":17}},{"start":{"line":177,"column":21},"end":{"line":180,"column":17}}]},"9":{"loc":{"start":{"line":173,"column":20},"end":{"line":173,"column":88}},"type":"binary-expr","locations":[{"start":{"line":173,"column":20},"end":{"line":173,"column":49}},{"start":{"line":173,"column":53},"end":{"line":173,"column":88}}]}},"s":{"0":3,"1":8,"2":0,"3":8,"4":8,"5":8,"6":0,"7":0,"8":0,"9":0,"10":16,"11":8,"12":3,"13":9,"14":9,"15":9,"16":9,"17":1,"18":1,"19":1,"20":1,"21":1,"22":0,"23":1,"24":1,"25":1,"26":1,"27":1,"28":1,"29":1,"30":1,"31":1,"32":1,"33":0,"34":1,"35":0,"36":1,"37":1,"38":1,"39":1,"40":1,"41":1,"42":1,"43":0,"44":1,"45":1,"46":1,"47":1,"48":1,"49":1,"50":1,"51":1,"52":1,"53":1,"54":1,"55":1,"56":1,"57":1,"58":1,"59":1,"60":1,"61":1,"62":1,"63":1,"64":1,"65":1,"66":1,"67":1,"68":0,"69":1,"70":1,"71":0,"72":0,"73":1,"74":1,"75":1,"76":1,"77":1,"78":1,"79":0,"80":0,"81":0,"82":0,"83":0,"84":0,"85":0,"86":0,"87":0,"88":0,"89":0,"90":0,"91":0,"92":0},"f":{"0":8,"1":8,"2":0,"3":8,"4":8,"5":0,"6":16,"7":9,"8":1,"9":1,"10":1,"11":1,"12":1,"13":1,"14":1,"15":1,"16":1,"17":1,"18":1,"19":1,"20":1,"21":1,"22":1,"23":1,"24":0,"25":0},"b":{"0":[3,3,3],"1":[8,0],"2":[8,8],"3":[8,8],"4":[8,8],"5":[1,0],"6":[1,0],"7":[1,0],"8":[1,0],"9":[1,1]}}
,"/home/shay/a/kumar565/ece461/ECE-461-Project-Repo/src/github_utils.js": {"path":"/home/shay/a/kumar565/ece461/ECE-461-Project-Repo/src/github_utils.js","statementMap":{"0":{"start":{"line":1,"column":16},"end":{"line":9,"column":1}},"1":{"start":{"line":2,"column":28},"end":{"line":2,"column":110}},"2":{"start":{"line":2,"column":91},"end":{"line":2,"column":106}},"3":{"start":{"line":3,"column":4},"end":{"line":8,"column":7}},"4":{"start":{"line":4,"column":36},"end":{"line":4,"column":97}},"5":{"start":{"line":4,"column":42},"end":{"line":4,"column":70}},"6":{"start":{"line":4,"column":85},"end":{"line":4,"column":95}},"7":{"start":{"line":5,"column":35},"end":{"line":5,"column":100}},"8":{"start":{"line":5,"column":41},"end":{"line":5,"column":73}},"9":{"start":{"line":5,"column":88},"end":{"line":5,"column":98}},"10":{"start":{"line":6,"column":32},"end":{"line":6,"column":116}},"11":{"start":{"line":7,"column":8},"end":{"line":7,"column":78}},"12":{"start":{"line":16,"column":4},"end":{"line":34,"column":7}},"13":{"start":{"line":17,"column":8},"end":{"line":33,"column":9}},"14":{"start":{"line":18,"column":28},"end":{"line":20,"column":14}},"15":{"start":{"line":22,"column":31},"end":{"line":22,"column":65}},"16":{"start":{"line":24,"column":12},"end":{"line":24,"column":34}},"17":{"start":{"line":28,"column":12},"end":{"line":31,"column":13}},"18":{"start":{"line":29,"column":16},"end":{"line":29,"column":63}},"19":{"start":{"line":30,"column":16},"end":{"line":30,"column":29}},"20":{"start":{"line":38,"column":4},"end":{"line":54,"column":7}},"21":{"start":{"line":39,"column":8},"end":{"line":53,"column":9}},"22":{"start":{"line":40,"column":12},"end":{"line":47,"column":15}},"23":{"start":{"line":48,"column":12},"end":{"line":48,"column":67}},"24":{"start":{"line":51,"column":12},"end":{"line":51,"column":61}},"25":{"start":{"line":52,"column":12},"end":{"line":52,"column":24}}},"fnMap":{"0":{"name":"(anonymous_0)","decl":{"start":{"line":1,"column":44},"end":{"line":1,"column":52}},"loc":{"start":{"line":1,"column":89},"end":{"line":9,"column":1}}},"1":{"name":"adopt","decl":{"start":{"line":2,"column":13},"end":{"line":2,"column":18}},"loc":{"start":{"line":2,"column":26},"end":{"line":2,"column":112}}},"2":{"name":"(anonymous_2)","decl":{"start":{"line":2,"column":70},"end":{"line":2,"column":78}},"loc":{"start":{"line":2,"column":89},"end":{"line":2,"column":108}}},"3":{"name":"(anonymous_3)","decl":{"start":{"line":3,"column":36},"end":{"line":3,"column":44}},"loc":{"start":{"line":3,"column":63},"end":{"line":8,"column":5}}},"4":{"name":"fulfilled","decl":{"start":{"line":4,"column":17},"end":{"line":4,"column":26}},"loc":{"start":{"line":4,"column":34},"end":{"line":4,"column":99}}},"5":{"name":"rejected","decl":{"start":{"line":5,"column":17},"end":{"line":5,"column":25}},"loc":{"start":{"line":5,"column":33},"end":{"line":5,"column":102}}},"6":{"name":"step","decl":{"start":{"line":6,"column":17},"end":{"line":6,"column":21}},"loc":{"start":{"line":6,"column":30},"end":{"line":6,"column":118}}},"7":{"name":"isGithubTokenValid","decl":{"start":{"line":15,"column":16},"end":{"line":15,"column":34}},"loc":{"start":{"line":15,"column":42},"end":{"line":35,"column":1}}},"8":{"name":"(anonymous_8)","decl":{"start":{"line":16,"column":43},"end":{"line":16,"column":51}},"loc":{"start":{"line":16,"column":56},"end":{"line":34,"column":5}}},"9":{"name":"cloneRepository","decl":{"start":{"line":37,"column":16},"end":{"line":37,"column":31}},"loc":{"start":{"line":37,"column":50},"end":{"line":55,"column":1}}},"10":{"name":"(anonymous_10)","decl":{"start":{"line":38,"column":43},"end":{"line":38,"column":51}},"loc":{"start":{"line":38,"column":56},"end":{"line":54,"column":5}}}},"branchMap":{"0":{"loc":{"start":{"line":1,"column":16},"end":{"line":9,"column":1}},"type":"binary-expr","locations":[{"start":{"line":1,"column":17},"end":{"line":1,"column":21}},{"start":{"line":1,"column":25},"end":{"line":1,"column":39}},{"start":{"line":1,"column":44},"end":{"line":9,"column":1}}]},"1":{"loc":{"start":{"line":2,"column":35},"end":{"line":2,"column":109}},"type":"cond-expr","locations":[{"start":{"line":2,"column":56},"end":{"line":2,"column":61}},{"start":{"line":2,"column":64},"end":{"line":2,"column":109}}]},"2":{"loc":{"start":{"line":3,"column":16},"end":{"line":3,"column":34}},"type":"binary-expr","locations":[{"start":{"line":3,"column":16},"end":{"line":3,"column":17}},{"start":{"line":3,"column":22},"end":{"line":3,"column":33}}]},"3":{"loc":{"start":{"line":6,"column":32},"end":{"line":6,"column":115}},"type":"cond-expr","locations":[{"start":{"line":6,"column":46},"end":{"line":6,"column":67}},{"start":{"line":6,"column":70},"end":{"line":6,"column":115}}]},"4":{"loc":{"start":{"line":7,"column":51},"end":{"line":7,"column":67}},"type":"binary-expr","locations":[{"start":{"line":7,"column":51},"end":{"line":7,"column":61}},{"start":{"line":7,"column":65},"end":{"line":7,"column":67}}]},"5":{"loc":{"start":{"line":28,"column":12},"end":{"line":31,"column":13}},"type":"if","locations":[{"start":{"line":28,"column":12},"end":{"line":31,"column":13}},{"start":{},"end":{}}]}},"s":{"0":2,"1":4,"2":0,"3":4,"4":2,"5":2,"6":0,"7":2,"8":2,"9":1,"10":7,"11":4,"12":2,"13":2,"14":2,"15":2,"16":1,"17":1,"18":1,"19":1,"20":2,"21":2,"22":2,"23":1,"24":1,"25":1},"f":{"0":4,"1":4,"2":0,"3":4,"4":2,"5":2,"6":7,"7":2,"8":2,"9":2,"10":2},"b":{"0":[2,2,2],"1":[4,0],"2":[4,4],"3":[3,4],"4":[4,4],"5":[1,0]}}
,"/home/shay/a/kumar565/ece461/ECE-461-Project-Repo/src/logging.js": {"path":"/home/shay/a/kumar565/ece461/ECE-461-Project-Repo/src/logging.js","statementMap":{"0":{"start":{"line":3,"column":20},"end":{"line":3,"column":53}},"1":{"start":{"line":4,"column":17},"end":{"line":4,"column":45}},"2":{"start":{"line":6,"column":21},"end":{"line":17,"column":1}},"3":{"start":{"line":19,"column":15},"end":{"line":27,"column":2}},"4":{"start":{"line":30,"column":4},"end":{"line":39,"column":5}},"5":{"start":{"line":32,"column":12},"end":{"line":32,"column":27}},"6":{"start":{"line":34,"column":12},"end":{"line":34,"column":26}},"7":{"start":{"line":36,"column":12},"end":{"line":36,"column":27}},"8":{"start":{"line":38,"column":12},"end":{"line":38,"column":27}}},"fnMap":{"0":{"name":"getLogLevel","decl":{"start":{"line":29,"column":9},"end":{"line":29,"column":20}},"loc":{"start":{"line":29,"column":28},"end":{"line":40,"column":1}}}},"branchMap":{"0":{"loc":{"start":{"line":3,"column":20},"end":{"line":3,"column":53}},"type":"binary-expr","locations":[{"start":{"line":3,"column":20},"end":{"line":3,"column":40}},{"start":{"line":3,"column":44},"end":{"line":3,"column":53}}]},"1":{"loc":{"start":{"line":4,"column":17},"end":{"line":4,"column":45}},"type":"binary-expr","locations":[{"start":{"line":4,"column":17},"end":{"line":4,"column":38}},{"start":{"line":4,"column":42},"end":{"line":4,"column":45}}]},"2":{"loc":{"start":{"line":30,"column":4},"end":{"line":39,"column":5}},"type":"switch","locations":[{"start":{"line":31,"column":8},"end":{"line":32,"column":27}},{"start":{"line":33,"column":8},"end":{"line":34,"column":26}},{"start":{"line":35,"column":8},"end":{"line":36,"column":27}},{"start":{"line":37,"column":8},"end":{"line":38,"column":27}}]}},"s":{"0":9,"1":9,"2":9,"3":9,"4":9,"5":0,"6":0,"7":9,"8":0},"f":{"0":9},"b":{"0":[9,0],"1":[9,0],"2":[0,0,9,0]}}
,"/home/shay/a/kumar565/ece461/ECE-461-Project-Repo/src/main_program.js": {"path":"/home/shay/a/kumar565/ece461/ECE-461-Project-Repo/src/main_program.js","statementMap":{"0":{"start":{"line":1,"column":16},"end":{"line":9,"column":1}},"1":{"start":{"line":2,"column":28},"end":{"line":2,"column":110}},"2":{"start":{"line":2,"column":91},"end":{"line":2,"column":106}},"3":{"start":{"line":3,"column":4},"end":{"line":8,"column":7}},"4":{"start":{"line":4,"column":36},"end":{"line":4,"column":97}},"5":{"start":{"line":4,"column":42},"end":{"line":4,"column":70}},"6":{"start":{"line":4,"column":85},"end":{"line":4,"column":95}},"7":{"start":{"line":5,"column":35},"end":{"line":5,"column":100}},"8":{"start":{"line":5,"column":41},"end":{"line":5,"column":73}},"9":{"start":{"line":5,"column":88},"end":{"line":5,"column":98}},"10":{"start":{"line":6,"column":32},"end":{"line":6,"column":116}},"11":{"start":{"line":7,"column":8},"end":{"line":7,"column":78}},"12":{"start":{"line":20,"column":19},"end":{"line":20,"column":49}},"13":{"start":{"line":21,"column":18},"end":{"line":21,"column":42}},"14":{"start":{"line":23,"column":17},"end":{"line":23,"column":32}},"15":{"start":{"line":24,"column":0},"end":{"line":27,"column":1}},"16":{"start":{"line":25,"column":4},"end":{"line":25,"column":48}},"17":{"start":{"line":26,"column":4},"end":{"line":26,"column":20}},"18":{"start":{"line":29,"column":0},"end":{"line":76,"column":4}},"19":{"start":{"line":29,"column":45},"end":{"line":76,"column":2}},"20":{"start":{"line":30,"column":4},"end":{"line":33,"column":5}},"21":{"start":{"line":31,"column":8},"end":{"line":31,"column":54}},"22":{"start":{"line":32,"column":8},"end":{"line":32,"column":24}},"23":{"start":{"line":34,"column":4},"end":{"line":36,"column":5}},"24":{"start":{"line":35,"column":8},"end":{"line":35,"column":24}},"25":{"start":{"line":38,"column":17},"end":{"line":38,"column":49}},"26":{"start":{"line":39,"column":4},"end":{"line":75,"column":5}},"27":{"start":{"line":40,"column":8},"end":{"line":74,"column":9}},"28":{"start":{"line":43,"column":12},"end":{"line":43,"column":50}},"29":{"start":{"line":44,"column":12},"end":{"line":44,"column":51}},"30":{"start":{"line":45,"column":28},"end":{"line":45,"column":47}},"31":{"start":{"line":46,"column":25},"end":{"line":46,"column":47}},"32":{"start":{"line":47,"column":27},"end":{"line":47,"column":44}},"33":{"start":{"line":48,"column":33},"end":{"line":48,"column":59}},"34":{"start":{"line":49,"column":27},"end":{"line":49,"column":47}},"35":{"start":{"line":50,"column":33},"end":{"line":50,"column":59}},"36":{"start":{"line":51,"column":28},"end":{"line":51,"column":49}},"37":{"start":{"line":54,"column":28},"end":{"line":54,"column":80}},"38":{"start":{"line":55,"column":12},"end":{"line":55,"column":62}},"39":{"start":{"line":57,"column":32},"end":{"line":57,"column":118}},"40":{"start":{"line":58,"column":33},"end":{"line":58,"column":87}},"41":{"start":{"line":60,"column":12},"end":{"line":68,"column":13}},"42":{"start":{"line":61,"column":16},"end":{"line":64,"column":17}},"43":{"start":{"line":62,"column":20},"end":{"line":62,"column":73}},"44":{"start":{"line":67,"column":16},"end":{"line":67,"column":77}},"45":{"start":{"line":69,"column":12},"end":{"line":69,"column":124}},"46":{"start":{"line":69,"column":82},"end":{"line":69,"column":87}},"47":{"start":{"line":70,"column":12},"end":{"line":70,"column":61}},"48":{"start":{"line":73,"column":12},"end":{"line":73,"column":65}}},"fnMap":{"0":{"name":"(anonymous_0)","decl":{"start":{"line":1,"column":44},"end":{"line":1,"column":52}},"loc":{"start":{"line":1,"column":89},"end":{"line":9,"column":1}}},"1":{"name":"adopt","decl":{"start":{"line":2,"column":13},"end":{"line":2,"column":18}},"loc":{"start":{"line":2,"column":26},"end":{"line":2,"column":112}}},"2":{"name":"(anonymous_2)","decl":{"start":{"line":2,"column":70},"end":{"line":2,"column":78}},"loc":{"start":{"line":2,"column":89},"end":{"line":2,"column":108}}},"3":{"name":"(anonymous_3)","decl":{"start":{"line":3,"column":36},"end":{"line":3,"column":44}},"loc":{"start":{"line":3,"column":63},"end":{"line":8,"column":5}}},"4":{"name":"fulfilled","decl":{"start":{"line":4,"column":17},"end":{"line":4,"column":26}},"loc":{"start":{"line":4,"column":34},"end":{"line":4,"column":99}}},"5":{"name":"rejected","decl":{"start":{"line":5,"column":17},"end":{"line":5,"column":25}},"loc":{"start":{"line":5,"column":33},"end":{"line":5,"column":102}}},"6":{"name":"step","decl":{"start":{"line":6,"column":17},"end":{"line":6,"column":21}},"loc":{"start":{"line":6,"column":30},"end":{"line":6,"column":118}}},"7":{"name":"(anonymous_7)","decl":{"start":{"line":29,"column":30},"end":{"line":29,"column":31}},"loc":{"start":{"line":29,"column":45},"end":{"line":76,"column":2}}},"8":{"name":"(anonymous_8)","decl":{"start":{"line":29,"column":79},"end":{"line":29,"column":87}},"loc":{"start":{"line":29,"column":92},"end":{"line":76,"column":1}}},"9":{"name":"(anonymous_9)","decl":{"start":{"line":69,"column":72},"end":{"line":69,"column":73}},"loc":{"start":{"line":69,"column":82},"end":{"line":69,"column":87}}}},"branchMap":{"0":{"loc":{"start":{"line":1,"column":16},"end":{"line":9,"column":1}},"type":"binary-expr","locations":[{"start":{"line":1,"column":17},"end":{"line":1,"column":21}},{"start":{"line":1,"column":25},"end":{"line":1,"column":39}},{"start":{"line":1,"column":44},"end":{"line":9,"column":1}}]},"1":{"loc":{"start":{"line":2,"column":35},"end":{"line":2,"column":109}},"type":"cond-expr","locations":[{"start":{"line":2,"column":56},"end":{"line":2,"column":61}},{"start":{"line":2,"column":64},"end":{"line":2,"column":109}}]},"2":{"loc":{"start":{"line":3,"column":16},"end":{"line":3,"column":34}},"type":"binary-expr","locations":[{"start":{"line":3,"column":16},"end":{"line":3,"column":17}},{"start":{"line":3,"column":22},"end":{"line":3,"column":33}}]},"3":{"loc":{"start":{"line":6,"column":32},"end":{"line":6,"column":115}},"type":"cond-expr","locations":[{"start":{"line":6,"column":46},"end":{"line":6,"column":67}},{"start":{"line":6,"column":70},"end":{"line":6,"column":115}}]},"4":{"loc":{"start":{"line":7,"column":51},"end":{"line":7,"column":67}},"type":"binary-expr","locations":[{"start":{"line":7,"column":51},"end":{"line":7,"column":61}},{"start":{"line":7,"column":65},"end":{"line":7,"column":67}}]},"5":{"loc":{"start":{"line":24,"column":0},"end":{"line":27,"column":1}},"type":"if","locations":[{"start":{"line":24,"column":0},"end":{"line":27,"column":1}},{"start":{},"end":{}}]},"6":{"loc":{"start":{"line":30,"column":4},"end":{"line":33,"column":5}},"type":"if","locations":[{"start":{"line":30,"column":4},"end":{"line":33,"column":5}},{"start":{},"end":{}}]},"7":{"loc":{"start":{"line":34,"column":4},"end":{"line":36,"column":5}},"type":"if","locations":[{"start":{"line":34,"column":4},"end":{"line":36,"column":5}},{"start":{},"end":{}}]},"8":{"loc":{"start":{"line":61,"column":16},"end":{"line":64,"column":17}},"type":"if","locations":[{"start":{"line":61,"column":16},"end":{"line":64,"column":17}},{"start":{},"end":{}}]}},"s":{"0":1,"1":17,"2":2,"3":1,"4":17,"5":17,"6":0,"7":0,"8":0,"9":0,"10":18,"11":1,"12":1,"13":1,"14":1,"15":1,"16":0,"17":0,"18":1,"19":1,"20":1,"21":0,"22":0,"23":1,"24":0,"25":1,"26":1,"27":2,"28":2,"29":2,"30":2,"31":2,"32":2,"33":2,"34":2,"35":2,"36":2,"37":2,"38":2,"39":2,"40":2,"41":2,"42":2,"43":0,"44":0,"45":2,"46":10,"47":2,"48":0},"f":{"0":1,"1":17,"2":2,"3":1,"4":17,"5":0,"6":18,"7":1,"8":1,"9":10},"b":{"0":[1,1,1],"1":[15,2],"2":[1,1],"3":[1,17],"4":[1,1],"5":[0,1],"6":[0,1],"7":[0,1],"8":[0,2]}}
,"/home/shay/a/kumar565/ece461/ECE-461-Project-Repo/src/maintainer_calculator.js": {"path":"/home/shay/a/kumar565/ece461/ECE-461-Project-Repo/src/maintainer_calculator.js","statementMap":{"0":{"start":{"line":2,"column":23},"end":{"line":2,"column":73}},"1":{"start":{"line":3,"column":27},"end":{"line":3,"column":60}},"2":{"start":{"line":4,"column":26},"end":{"line":4,"column":58}},"3":{"start":{"line":5,"column":28},"end":{"line":5,"column":68}},"4":{"start":{"line":10,"column":38},"end":{"line":10,"column":139}},"5":{"start":{"line":12,"column":4},"end":{"line":12,"column":37}},"6":{"start":{"line":17,"column":28},"end":{"line":17,"column":29}},"7":{"start":{"line":18,"column":16},"end":{"line":18,"column":17}},"8":{"start":{"line":20,"column":37},"end":{"line":24,"column":5}},"9":{"start":{"line":21,"column":22},"end":{"line":21,"column":51}},"10":{"start":{"line":22,"column":20},"end":{"line":22,"column":47}},"11":{"start":{"line":23,"column":8},"end":{"line":23,"column":48}},"12":{"start":{"line":26,"column":4},"end":{"line":32,"column":5}},"13":{"start":{"line":27,"column":8},"end":{"line":31,"column":9}},"14":{"start":{"line":28,"column":33},"end":{"line":28,"column":92}},"15":{"start":{"line":29,"column":12},"end":{"line":29,"column":46}},"16":{"start":{"line":30,"column":12},"end":{"line":30,"column":20}},"17":{"start":{"line":34,"column":4},"end":{"line":40,"column":5}},"18":{"start":{"line":35,"column":8},"end":{"line":39,"column":9}},"19":{"start":{"line":36,"column":33},"end":{"line":36,"column":86}},"20":{"start":{"line":37,"column":12},"end":{"line":37,"column":46}},"21":{"start":{"line":38,"column":12},"end":{"line":38,"column":20}},"22":{"start":{"line":42,"column":14},"end":{"line":42,"column":55}},"23":{"start":{"line":44,"column":4},"end":{"line":49,"column":5}},"24":{"start":{"line":45,"column":8},"end":{"line":45,"column":17}},"25":{"start":{"line":48,"column":8},"end":{"line":48,"column":17}},"26":{"start":{"line":52,"column":27},"end":{"line":52,"column":28}},"27":{"start":{"line":53,"column":16},"end":{"line":53,"column":17}},"28":{"start":{"line":55,"column":37},"end":{"line":59,"column":5}},"29":{"start":{"line":56,"column":22},"end":{"line":56,"column":51}},"30":{"start":{"line":57,"column":20},"end":{"line":57,"column":47}},"31":{"start":{"line":58,"column":8},"end":{"line":58,"column":48}},"32":{"start":{"line":61,"column":4},"end":{"line":67,"column":5}},"33":{"start":{"line":62,"column":8},"end":{"line":66,"column":9}},"34":{"start":{"line":63,"column":32},"end":{"line":63,"column":91}},"35":{"start":{"line":64,"column":12},"end":{"line":64,"column":44}},"36":{"start":{"line":65,"column":12},"end":{"line":65,"column":20}},"37":{"start":{"line":69,"column":20},"end":{"line":69,"column":60}},"38":{"start":{"line":71,"column":4},"end":{"line":76,"column":5}},"39":{"start":{"line":72,"column":8},"end":{"line":72,"column":17}},"40":{"start":{"line":75,"column":8},"end":{"line":75,"column":17}},"41":{"start":{"line":80,"column":20},"end":{"line":80,"column":21}},"42":{"start":{"line":81,"column":22},"end":{"line":81,"column":23}},"43":{"start":{"line":82,"column":21},"end":{"line":82,"column":22}},"44":{"start":{"line":83,"column":4},"end":{"line":92,"column":5}},"45":{"start":{"line":84,"column":8},"end":{"line":91,"column":9}},"46":{"start":{"line":85,"column":12},"end":{"line":85,"column":24}},"47":{"start":{"line":86,"column":12},"end":{"line":86,"column":25}},"48":{"start":{"line":88,"column":13},"end":{"line":91,"column":9}},"49":{"start":{"line":89,"column":12},"end":{"line":89,"column":26}},"50":{"start":{"line":90,"column":12},"end":{"line":90,"column":25}},"51":{"start":{"line":94,"column":4},"end":{"line":96,"column":5}},"52":{"start":{"line":95,"column":8},"end":{"line":95,"column":17}},"53":{"start":{"line":98,"column":4},"end":{"line":100,"column":5}},"54":{"start":{"line":99,"column":8},"end":{"line":99,"column":17}},"55":{"start":{"line":102,"column":4},"end":{"line":104,"column":5}},"56":{"start":{"line":103,"column":8},"end":{"line":103,"column":17}},"57":{"start":{"line":106,"column":16},"end":{"line":106,"column":39}},"58":{"start":{"line":108,"column":4},"end":{"line":113,"column":5}},"59":{"start":{"line":109,"column":8},"end":{"line":109,"column":17}},"60":{"start":{"line":112,"column":8},"end":{"line":112,"column":17}},"61":{"start":{"line":116,"column":16},"end":{"line":116,"column":26}},"62":{"start":{"line":117,"column":26},"end":{"line":117,"column":36}},"63":{"start":{"line":118,"column":4},"end":{"line":118,"column":46}},"64":{"start":{"line":120,"column":33},"end":{"line":120,"column":34}},"65":{"start":{"line":121,"column":30},"end":{"line":121,"column":39}},"66":{"start":{"line":122,"column":4},"end":{"line":130,"column":5}},"67":{"start":{"line":124,"column":23},"end":{"line":124,"column":53}},"68":{"start":{"line":126,"column":8},"end":{"line":129,"column":9}},"69":{"start":{"line":127,"column":12},"end":{"line":127,"column":42}},"70":{"start":{"line":128,"column":12},"end":{"line":128,"column":37}},"71":{"start":{"line":132,"column":4},"end":{"line":137,"column":5}},"72":{"start":{"line":133,"column":8},"end":{"line":133,"column":17}},"73":{"start":{"line":136,"column":8},"end":{"line":136,"column":17}}},"fnMap":{"0":{"name":"maintainer_net","decl":{"start":{"line":1,"column":16},"end":{"line":1,"column":30}},"loc":{"start":{"line":1,"column":76},"end":{"line":13,"column":1}}},"1":{"name":"calculateAverageResponseTime","decl":{"start":{"line":14,"column":9},"end":{"line":14,"column":37}},"loc":{"start":{"line":14,"column":60},"end":{"line":50,"column":1}}},"2":{"name":"(anonymous_2)","decl":{"start":{"line":20,"column":37},"end":{"line":20,"column":38}},"loc":{"start":{"line":20,"column":61},"end":{"line":24,"column":5}}},"3":{"name":"calculateIssueClosureTime","decl":{"start":{"line":51,"column":9},"end":{"line":51,"column":34}},"loc":{"start":{"line":51,"column":43},"end":{"line":77,"column":1}}},"4":{"name":"(anonymous_4)","decl":{"start":{"line":55,"column":37},"end":{"line":55,"column":38}},"loc":{"start":{"line":55,"column":61},"end":{"line":59,"column":5}}},"5":{"name":"calculateOpenClosedRatio","decl":{"start":{"line":78,"column":9},"end":{"line":78,"column":33}},"loc":{"start":{"line":78,"column":42},"end":{"line":114,"column":1}}},"6":{"name":"calculateActiveMaintainers","decl":{"start":{"line":115,"column":9},"end":{"line":115,"column":35}},"loc":{"start":{"line":115,"column":50},"end":{"line":138,"column":1}}}},"branchMap":{"0":{"loc":{"start":{"line":27,"column":8},"end":{"line":31,"column":9}},"type":"if","locations":[{"start":{"line":27,"column":8},"end":{"line":31,"column":9}},{"start":{},"end":{}}]},"1":{"loc":{"start":{"line":27,"column":12},"end":{"line":27,"column":47}},"type":"binary-expr","locations":[{"start":{"line":27,"column":12},"end":{"line":27,"column":28}},{"start":{"line":27,"column":32},"end":{"line":27,"column":47}}]},"2":{"loc":{"start":{"line":35,"column":8},"end":{"line":39,"column":9}},"type":"if","locations":[{"start":{"line":35,"column":8},"end":{"line":39,"column":9}},{"start":{},"end":{}}]},"3":{"loc":{"start":{"line":35,"column":12},"end":{"line":35,"column":41}},"type":"binary-expr","locations":[{"start":{"line":35,"column":12},"end":{"line":35,"column":25}},{"start":{"line":35,"column":29},"end":{"line":35,"column":41}}]},"4":{"loc":{"start":{"line":42,"column":14},"end":{"line":42,"column":55}},"type":"cond-expr","locations":[{"start":{"line":42,"column":26},"end":{"line":42,"column":51}},{"start":{"line":42,"column":54},"end":{"line":42,"column":55}}]},"5":{"loc":{"start":{"line":44,"column":4},"end":{"line":49,"column":5}},"type":"if","locations":[{"start":{"line":44,"column":4},"end":{"line":49,"column":5}},{"start":{"line":47,"column":9},"end":{"line":49,"column":5}}]},"6":{"loc":{"start":{"line":62,"column":8},"end":{"line":66,"column":9}},"type":"if","locations":[{"start":{"line":62,"column":8},"end":{"line":66,"column":9}},{"start":{},"end":{}}]},"7":{"loc":{"start":{"line":62,"column":12},"end":{"line":62,"column":47}},"type":"binary-expr","locations":[{"start":{"line":62,"column":12},"end":{"line":62,"column":28}},{"start":{"line":62,"column":32},"end":{"line":62,"column":47}}]},"8":{"loc":{"start":{"line":69,"column":20},"end":{"line":69,"column":60}},"type":"cond-expr","locations":[{"start":{"line":69,"column":32},"end":{"line":69,"column":56}},{"start":{"line":69,"column":59},"end":{"line":69,"column":60}}]},"9":{"loc":{"start":{"line":71,"column":4},"end":{"line":76,"column":5}},"type":"if","locations":[{"start":{"line":71,"column":4},"end":{"line":76,"column":5}},{"start":{"line":74,"column":9},"end":{"line":76,"column":5}}]},"10":{"loc":{"start":{"line":84,"column":8},"end":{"line":91,"column":9}},"type":"if","locations":[{"start":{"line":84,"column":8},"end":{"line":91,"column":9}},{"start":{"line":88,"column":13},"end":{"line":91,"column":9}}]},"11":{"loc":{"start":{"line":88,"column":13},"end":{"line":91,"column":9}},"type":"if","locations":[{"start":{"line":88,"column":13},"end":{"line":91,"column":9}},{"start":{},"end":{}}]},"12":{"loc":{"start":{"line":94,"column":4},"end":{"line":96,"column":5}},"type":"if","locations":[{"start":{"line":94,"column":4},"end":{"line":96,"column":5}},{"start":{},"end":{}}]},"13":{"loc":{"start":{"line":98,"column":4},"end":{"line":100,"column":5}},"type":"if","locations":[{"start":{"line":98,"column":4},"end":{"line":100,"column":5}},{"start":{},"end":{}}]},"14":{"loc":{"start":{"line":102,"column":4},"end":{"line":104,"column":5}},"type":"if","locations":[{"start":{"line":102,"column":4},"end":{"line":104,"column":5}},{"start":{},"end":{}}]},"15":{"loc":{"start":{"line":108,"column":4},"end":{"line":113,"column":5}},"type":"if","locations":[{"start":{"line":108,"column":4},"end":{"line":113,"column":5}},{"start":{"line":111,"column":9},"end":{"line":113,"column":5}}]},"16":{"loc":{"start":{"line":126,"column":8},"end":{"line":129,"column":9}},"type":"if","locations":[{"start":{"line":126,"column":8},"end":{"line":129,"column":9}},{"start":{},"end":{}}]},"17":{"loc":{"start":{"line":132,"column":4},"end":{"line":137,"column":5}},"type":"if","locations":[{"start":{"line":132,"column":4},"end":{"line":137,"column":5}},{"start":{"line":135,"column":9},"end":{"line":137,"column":5}}]}},"s":{"0":6,"1":6,"2":6,"3":6,"4":6,"5":6,"6":6,"7":6,"8":6,"9":401,"10":401,"11":401,"12":6,"13":120,"14":60,"15":60,"16":60,"17":6,"18":402,"19":341,"20":341,"21":341,"22":6,"23":6,"24":4,"25":2,"26":6,"27":6,"28":6,"29":60,"30":60,"31":60,"32":6,"33":120,"34":60,"35":60,"36":60,"37":6,"38":6,"39":6,"40":0,"41":6,"42":6,"43":6,"44":6,"45":120,"46":60,"47":60,"48":60,"49":60,"50":60,"51":6,"52":2,"53":4,"54":0,"55":4,"56":0,"57":4,"58":4,"59":2,"60":2,"61":6,"62":6,"63":6,"64":6,"65":6,"66":6,"67":120,"68":120,"69":32,"70":32,"71":6,"72":4,"73":2},"f":{"0":6,"1":6,"2":401,"3":6,"4":60,"5":6,"6":6},"b":{"0":[60,60],"1":[120,120],"2":[341,61],"3":[402,402],"4":[6,0],"5":[4,2],"6":[60,60],"7":[120,120],"8":[4,2],"9":[6,0],"10":[60,60],"11":[60,0],"12":[2,4],"13":[0,4],"14":[0,4],"15":[2,2],"16":[32,88],"17":[4,2]}}
,"/home/shay/a/kumar565/ece461/ECE-461-Project-Repo/src/metric_manager.js": {"path":"/home/shay/a/kumar565/ece461/ECE-461-Project-Repo/src/metric_manager.js","statementMap":{"0":{"start":{"line":1,"column":16},"end":{"line":9,"column":1}},"1":{"start":{"line":2,"column":28},"end":{"line":2,"column":110}},"2":{"start":{"line":2,"column":91},"end":{"line":2,"column":106}},"3":{"start":{"line":3,"column":4},"end":{"line":8,"column":7}},"4":{"start":{"line":4,"column":36},"end":{"line":4,"column":97}},"5":{"start":{"line":4,"column":42},"end":{"line":4,"column":70}},"6":{"start":{"line":4,"column":85},"end":{"line":4,"column":95}},"7":{"start":{"line":5,"column":35},"end":{"line":5,"column":100}},"8":{"start":{"line":5,"column":41},"end":{"line":5,"column":73}},"9":{"start":{"line":5,"column":88},"end":{"line":5,"column":98}},"10":{"start":{"line":6,"column":32},"end":{"line":6,"column":116}},"11":{"start":{"line":7,"column":8},"end":{"line":7,"column":78}},"12":{"start":{"line":17,"column":4},"end":{"line":17,"column":97}},"13":{"start":{"line":21,"column":8},"end":{"line":21,"column":36}},"14":{"start":{"line":22,"column":8},"end":{"line":22,"column":37}},"15":{"start":{"line":23,"column":8},"end":{"line":23,"column":33}},"16":{"start":{"line":24,"column":8},"end":{"line":24,"column":36}},"17":{"start":{"line":25,"column":8},"end":{"line":25,"column":33}},"18":{"start":{"line":26,"column":8},"end":{"line":26,"column":35}},"19":{"start":{"line":27,"column":8},"end":{"line":27,"column":29}},"20":{"start":{"line":28,"column":8},"end":{"line":28,"column":41}},"21":{"start":{"line":29,"column":8},"end":{"line":29,"column":29}},"22":{"start":{"line":30,"column":8},"end":{"line":30,"column":41}},"23":{"start":{"line":31,"column":8},"end":{"line":31,"column":31}},"24":{"start":{"line":32,"column":8},"end":{"line":32,"column":23}},"25":{"start":{"line":33,"column":8},"end":{"line":33,"column":25}},"26":{"start":{"line":34,"column":8},"end":{"line":34,"column":31}},"27":{"start":{"line":42,"column":26},"end":{"line":42,"column":43}},"28":{"start":{"line":44,"column":8},"end":{"line":44,"column":75}},"29":{"start":{"line":45,"column":24},"end":{"line":45,"column":68}},"30":{"start":{"line":46,"column":24},"end":{"line":46,"column":41}},"31":{"start":{"line":47,"column":8},"end":{"line":47,"column":82}},"32":{"start":{"line":48,"column":8},"end":{"line":48,"column":25}},"33":{"start":{"line":51,"column":26},"end":{"line":51,"column":43}},"34":{"start":{"line":52,"column":8},"end":{"line":52,"column":48}},"35":{"start":{"line":54,"column":24},"end":{"line":54,"column":41}},"36":{"start":{"line":55,"column":8},"end":{"line":55,"column":83}},"37":{"start":{"line":56,"column":8},"end":{"line":56,"column":17}},"38":{"start":{"line":59,"column":8},"end":{"line":67,"column":11}},"39":{"start":{"line":60,"column":30},"end":{"line":60,"column":40}},"40":{"start":{"line":63,"column":32},"end":{"line":63,"column":82}},"41":{"start":{"line":64,"column":28},"end":{"line":64,"column":38}},"42":{"start":{"line":65,"column":12},"end":{"line":65,"column":55}},"43":{"start":{"line":66,"column":12},"end":{"line":66,"column":31}},"44":{"start":{"line":70,"column":26},"end":{"line":70,"column":43}},"45":{"start":{"line":71,"column":8},"end":{"line":71,"column":54}},"46":{"start":{"line":72,"column":31},"end":{"line":72,"column":110}},"47":{"start":{"line":73,"column":24},"end":{"line":73,"column":41}},"48":{"start":{"line":74,"column":8},"end":{"line":74,"column":82}},"49":{"start":{"line":75,"column":8},"end":{"line":75,"column":32}},"50":{"start":{"line":78,"column":8},"end":{"line":102,"column":11}},"51":{"start":{"line":90,"column":30},"end":{"line":90,"column":47}},"52":{"start":{"line":92,"column":12},"end":{"line":92,"column":61}},"53":{"start":{"line":93,"column":32},"end":{"line":93,"column":74}},"54":{"start":{"line":94,"column":28},"end":{"line":94,"column":45}},"55":{"start":{"line":95,"column":12},"end":{"line":95,"column":83}},"56":{"start":{"line":96,"column":12},"end":{"line":101,"column":13}},"57":{"start":{"line":97,"column":16},"end":{"line":97,"column":25}},"58":{"start":{"line":100,"column":16},"end":{"line":100,"column":25}},"59":{"start":{"line":106,"column":8},"end":{"line":121,"column":11}},"60":{"start":{"line":109,"column":30},"end":{"line":109,"column":47}},"61":{"start":{"line":110,"column":33},"end":{"line":116,"column":14}},"62":{"start":{"line":117,"column":12},"end":{"line":117,"column":119}},"63":{"start":{"line":118,"column":28},"end":{"line":118,"column":45}},"64":{"start":{"line":119,"column":12},"end":{"line":119,"column":85}},"65":{"start":{"line":120,"column":12},"end":{"line":120,"column":32}}},"fnMap":{"0":{"name":"(anonymous_0)","decl":{"start":{"line":1,"column":44},"end":{"line":1,"column":52}},"loc":{"start":{"line":1,"column":89},"end":{"line":9,"column":1}}},"1":{"name":"adopt","decl":{"start":{"line":2,"column":13},"end":{"line":2,"column":18}},"loc":{"start":{"line":2,"column":26},"end":{"line":2,"column":112}}},"2":{"name":"(anonymous_2)","decl":{"start":{"line":2,"column":70},"end":{"line":2,"column":78}},"loc":{"start":{"line":2,"column":89},"end":{"line":2,"column":108}}},"3":{"name":"(anonymous_3)","decl":{"start":{"line":3,"column":36},"end":{"line":3,"column":44}},"loc":{"start":{"line":3,"column":63},"end":{"line":8,"column":5}}},"4":{"name":"fulfilled","decl":{"start":{"line":4,"column":17},"end":{"line":4,"column":26}},"loc":{"start":{"line":4,"column":34},"end":{"line":4,"column":99}}},"5":{"name":"rejected","decl":{"start":{"line":5,"column":17},"end":{"line":5,"column":25}},"loc":{"start":{"line":5,"column":33},"end":{"line":5,"column":102}}},"6":{"name":"step","decl":{"start":{"line":6,"column":17},"end":{"line":6,"column":21}},"loc":{"start":{"line":6,"column":30},"end":{"line":6,"column":118}}},"7":{"name":"roundToNumDecimalPlaces","decl":{"start":{"line":16,"column":9},"end":{"line":16,"column":32}},"loc":{"start":{"line":16,"column":58},"end":{"line":18,"column":1}}},"8":{"name":"(anonymous_8)","decl":{"start":{"line":20,"column":4},"end":{"line":20,"column":15}},"loc":{"start":{"line":20,"column":104},"end":{"line":38,"column":5}}},"9":{"name":"(anonymous_9)","decl":{"start":{"line":41,"column":4},"end":{"line":41,"column":19}},"loc":{"start":{"line":41,"column":22},"end":{"line":49,"column":5}}},"10":{"name":"(anonymous_10)","decl":{"start":{"line":50,"column":4},"end":{"line":50,"column":20}},"loc":{"start":{"line":50,"column":23},"end":{"line":57,"column":5}}},"11":{"name":"(anonymous_11)","decl":{"start":{"line":58,"column":4},"end":{"line":58,"column":25}},"loc":{"start":{"line":58,"column":28},"end":{"line":68,"column":5}}},"12":{"name":"(anonymous_12)","decl":{"start":{"line":59,"column":47},"end":{"line":59,"column":55}},"loc":{"start":{"line":59,"column":60},"end":{"line":67,"column":9}}},"13":{"name":"(anonymous_13)","decl":{"start":{"line":69,"column":4},"end":{"line":69,"column":19}},"loc":{"start":{"line":69,"column":22},"end":{"line":76,"column":5}}},"14":{"name":"(anonymous_14)","decl":{"start":{"line":77,"column":4},"end":{"line":77,"column":18}},"loc":{"start":{"line":77,"column":77},"end":{"line":103,"column":5}}},"15":{"name":"(anonymous_15)","decl":{"start":{"line":78,"column":47},"end":{"line":78,"column":55}},"loc":{"start":{"line":78,"column":60},"end":{"line":102,"column":9}}},"16":{"name":"(anonymous_16)","decl":{"start":{"line":105,"column":4},"end":{"line":105,"column":38}},"loc":{"start":{"line":105,"column":41},"end":{"line":122,"column":5}}},"17":{"name":"(anonymous_17)","decl":{"start":{"line":106,"column":47},"end":{"line":106,"column":55}},"loc":{"start":{"line":106,"column":60},"end":{"line":121,"column":9}}}},"branchMap":{"0":{"loc":{"start":{"line":1,"column":16},"end":{"line":9,"column":1}},"type":"binary-expr","locations":[{"start":{"line":1,"column":17},"end":{"line":1,"column":21}},{"start":{"line":1,"column":25},"end":{"line":1,"column":39}},{"start":{"line":1,"column":44},"end":{"line":9,"column":1}}]},"1":{"loc":{"start":{"line":2,"column":35},"end":{"line":2,"column":109}},"type":"cond-expr","locations":[{"start":{"line":2,"column":56},"end":{"line":2,"column":61}},{"start":{"line":2,"column":64},"end":{"line":2,"column":109}}]},"2":{"loc":{"start":{"line":3,"column":16},"end":{"line":3,"column":34}},"type":"binary-expr","locations":[{"start":{"line":3,"column":16},"end":{"line":3,"column":17}},{"start":{"line":3,"column":22},"end":{"line":3,"column":33}}]},"3":{"loc":{"start":{"line":6,"column":32},"end":{"line":6,"column":115}},"type":"cond-expr","locations":[{"start":{"line":6,"column":46},"end":{"line":6,"column":67}},{"start":{"line":6,"column":70},"end":{"line":6,"column":115}}]},"4":{"loc":{"start":{"line":7,"column":51},"end":{"line":7,"column":67}},"type":"binary-expr","locations":[{"start":{"line":7,"column":51},"end":{"line":7,"column":61}},{"start":{"line":7,"column":65},"end":{"line":7,"column":67}}]},"5":{"loc":{"start":{"line":96,"column":12},"end":{"line":101,"column":13}},"type":"if","locations":[{"start":{"line":96,"column":12},"end":{"line":101,"column":13}},{"start":{"line":99,"column":17},"end":{"line":101,"column":13}}]}},"s":{"0":2,"1":3,"2":0,"3":3,"4":3,"5":3,"6":0,"7":0,"8":0,"9":0,"10":6,"11":3,"12":5,"13":2,"14":2,"15":2,"16":2,"17":2,"18":2,"19":2,"20":2,"21":2,"22":2,"23":2,"24":2,"25":2,"26":2,"27":2,"28":2,"29":2,"30":2,"31":2,"32":2,"33":0,"34":0,"35":0,"36":0,"37":0,"38":1,"39":1,"40":1,"41":1,"42":1,"43":1,"44":1,"45":1,"46":1,"47":1,"48":1,"49":1,"50":1,"51":1,"52":1,"53":1,"54":1,"55":1,"56":1,"57":1,"58":0,"59":1,"60":1,"61":1,"62":1,"63":1,"64":1,"65":1},"f":{"0":3,"1":3,"2":0,"3":3,"4":3,"5":0,"6":6,"7":5,"8":2,"9":2,"10":0,"11":1,"12":1,"13":1,"14":1,"15":1,"16":1,"17":1},"b":{"0":[2,2,2],"1":[3,0],"2":[3,3],"3":[3,3],"4":[3,3],"5":[1,0]}}
,"/home/shay/a/kumar565/ece461/ECE-461-Project-Repo/src/new_bus_factor_calc.js": {"path":"/home/shay/a/kumar565/ece461/ECE-461-Project-Repo/src/new_bus_factor_calc.js","statementMap":{"0":{"start":{"line":1,"column":16},"end":{"line":9,"column":1}},"1":{"start":{"line":2,"column":28},"end":{"line":2,"column":110}},"2":{"start":{"line":2,"column":91},"end":{"line":2,"column":106}},"3":{"start":{"line":3,"column":4},"end":{"line":8,"column":7}},"4":{"start":{"line":4,"column":36},"end":{"line":4,"column":97}},"5":{"start":{"line":4,"column":42},"end":{"line":4,"column":70}},"6":{"start":{"line":4,"column":85},"end":{"line":4,"column":95}},"7":{"start":{"line":5,"column":35},"end":{"line":5,"column":100}},"8":{"start":{"line":5,"column":41},"end":{"line":5,"column":73}},"9":{"start":{"line":5,"column":88},"end":{"line":5,"column":98}},"10":{"start":{"line":6,"column":32},"end":{"line":6,"column":116}},"11":{"start":{"line":7,"column":8},"end":{"line":7,"column":78}},"12":{"start":{"line":12,"column":4},"end":{"line":35,"column":7}},"13":{"start":{"line":13,"column":35},"end":{"line":13,"column":37}},"14":{"start":{"line":14,"column":8},"end":{"line":20,"column":11}},"15":{"start":{"line":16,"column":12},"end":{"line":19,"column":13}},"16":{"start":{"line":17,"column":31},"end":{"line":17,"column":56}},"17":{"start":{"line":18,"column":16},"end":{"line":18,"column":83}},"18":{"start":{"line":21,"column":35},"end":{"line":22,"column":42}},"19":{"start":{"line":22,"column":36},"end":{"line":22,"column":41}},"20":{"start":{"line":23,"column":8},"end":{"line":23,"column":66}},"21":{"start":{"line":24,"column":29},"end":{"line":24,"column":90}},"22":{"start":{"line":24,"column":75},"end":{"line":24,"column":86}},"23":{"start":{"line":25,"column":8},"end":{"line":25,"column":69}},"24":{"start":{"line":26,"column":32},"end":{"line":26,"column":74}},"25":{"start":{"line":27,"column":8},"end":{"line":27,"column":60}},"26":{"start":{"line":28,"column":37},"end":{"line":28,"column":38}},"27":{"start":{"line":29,"column":8},"end":{"line":31,"column":9}},"28":{"start":{"line":29,"column":21},"end":{"line":29,"column":22}},"29":{"start":{"line":30,"column":12},"end":{"line":30,"column":63}},"30":{"start":{"line":32,"column":8},"end":{"line":32,"column":75}},"31":{"start":{"line":33,"column":8},"end":{"line":33,"column":82}},"32":{"start":{"line":34,"column":8},"end":{"line":34,"column":59}}},"fnMap":{"0":{"name":"(anonymous_0)","decl":{"start":{"line":1,"column":44},"end":{"line":1,"column":52}},"loc":{"start":{"line":1,"column":89},"end":{"line":9,"column":1}}},"1":{"name":"adopt","decl":{"start":{"line":2,"column":13},"end":{"line":2,"column":18}},"loc":{"start":{"line":2,"column":26},"end":{"line":2,"column":112}}},"2":{"name":"(anonymous_2)","decl":{"start":{"line":2,"column":70},"end":{"line":2,"column":78}},"loc":{"start":{"line":2,"column":89},"end":{"line":2,"column":108}}},"3":{"name":"(anonymous_3)","decl":{"start":{"line":3,"column":36},"end":{"line":3,"column":44}},"loc":{"start":{"line":3,"column":63},"end":{"line":8,"column":5}}},"4":{"name":"fulfilled","decl":{"start":{"line":4,"column":17},"end":{"line":4,"column":26}},"loc":{"start":{"line":4,"column":34},"end":{"line":4,"column":99}}},"5":{"name":"rejected","decl":{"start":{"line":5,"column":17},"end":{"line":5,"column":25}},"loc":{"start":{"line":5,"column":33},"end":{"line":5,"column":102}}},"6":{"name":"step","decl":{"start":{"line":6,"column":17},"end":{"line":6,"column":21}},"loc":{"start":{"line":6,"column":30},"end":{"line":6,"column":118}}},"7":{"name":"temp_bus_factor_calc","decl":{"start":{"line":11,"column":16},"end":{"line":11,"column":36}},"loc":{"start":{"line":11,"column":55},"end":{"line":36,"column":1}}},"8":{"name":"(anonymous_8)","decl":{"start":{"line":12,"column":43},"end":{"line":12,"column":51}},"loc":{"start":{"line":12,"column":56},"end":{"line":35,"column":5}}},"9":{"name":"(anonymous_9)","decl":{"start":{"line":14,"column":24},"end":{"line":14,"column":25}},"loc":{"start":{"line":14,"column":36},"end":{"line":20,"column":9}}},"10":{"name":"(anonymous_10)","decl":{"start":{"line":22,"column":18},"end":{"line":22,"column":19}},"loc":{"start":{"line":22,"column":36},"end":{"line":22,"column":41}}},"11":{"name":"(anonymous_11)","decl":{"start":{"line":24,"column":55},"end":{"line":24,"column":56}},"loc":{"start":{"line":24,"column":75},"end":{"line":24,"column":86}}}},"branchMap":{"0":{"loc":{"start":{"line":1,"column":16},"end":{"line":9,"column":1}},"type":"binary-expr","locations":[{"start":{"line":1,"column":17},"end":{"line":1,"column":21}},{"start":{"line":1,"column":25},"end":{"line":1,"column":39}},{"start":{"line":1,"column":44},"end":{"line":9,"column":1}}]},"1":{"loc":{"start":{"line":2,"column":35},"end":{"line":2,"column":109}},"type":"cond-expr","locations":[{"start":{"line":2,"column":56},"end":{"line":2,"column":61}},{"start":{"line":2,"column":64},"end":{"line":2,"column":109}}]},"2":{"loc":{"start":{"line":3,"column":16},"end":{"line":3,"column":34}},"type":"binary-expr","locations":[{"start":{"line":3,"column":16},"end":{"line":3,"column":17}},{"start":{"line":3,"column":22},"end":{"line":3,"column":33}}]},"3":{"loc":{"start":{"line":6,"column":32},"end":{"line":6,"column":115}},"type":"cond-expr","locations":[{"start":{"line":6,"column":46},"end":{"line":6,"column":67}},{"start":{"line":6,"column":70},"end":{"line":6,"column":115}}]},"4":{"loc":{"start":{"line":7,"column":51},"end":{"line":7,"column":67}},"type":"binary-expr","locations":[{"start":{"line":7,"column":51},"end":{"line":7,"column":61}},{"start":{"line":7,"column":65},"end":{"line":7,"column":67}}]},"5":{"loc":{"start":{"line":16,"column":12},"end":{"line":19,"column":13}},"type":"if","locations":[{"start":{"line":16,"column":12},"end":{"line":19,"column":13}},{"start":{},"end":{}}]},"6":{"loc":{"start":{"line":18,"column":46},"end":{"line":18,"column":77}},"type":"binary-expr","locations":[{"start":{"line":18,"column":46},"end":{"line":18,"column":72}},{"start":{"line":18,"column":76},"end":{"line":18,"column":77}}]}},"s":{"0":2,"1":0,"2":0,"3":4,"4":0,"5":0,"6":0,"7":0,"8":0,"9":0,"10":4,"11":4,"12":4,"13":4,"14":4,"15":4011,"16":3941,"17":3941,"18":4,"19":2288,"20":4,"21":4,"22":486,"23":4,"24":4,"25":4,"26":4,"27":4,"28":4,"29":8,"30":4,"31":4,"32":4},"f":{"0":4,"1":0,"2":0,"3":4,"4":0,"5":0,"6":4,"7":4,"8":4,"9":4011,"10":2288,"11":486},"b":{"0":[2,2,2],"1":[0,0],"2":[4,4],"3":[4,0],"4":[4,4],"5":[3941,70],"6":[3941,486]}}
,"/home/shay/a/kumar565/ece461/ECE-461-Project-Repo/src/npmHandler.js": {"path":"/home/shay/a/kumar565/ece461/ECE-461-Project-Repo/src/npmHandler.js","statementMap":{"0":{"start":{"line":1,"column":16},"end":{"line":9,"column":1}},"1":{"start":{"line":2,"column":28},"end":{"line":2,"column":110}},"2":{"start":{"line":2,"column":91},"end":{"line":2,"column":106}},"3":{"start":{"line":3,"column":4},"end":{"line":8,"column":7}},"4":{"start":{"line":4,"column":36},"end":{"line":4,"column":97}},"5":{"start":{"line":4,"column":42},"end":{"line":4,"column":70}},"6":{"start":{"line":4,"column":85},"end":{"line":4,"column":95}},"7":{"start":{"line":5,"column":35},"end":{"line":5,"column":100}},"8":{"start":{"line":5,"column":41},"end":{"line":5,"column":73}},"9":{"start":{"line":5,"column":88},"end":{"line":5,"column":98}},"10":{"start":{"line":6,"column":32},"end":{"line":6,"column":116}},"11":{"start":{"line":7,"column":8},"end":{"line":7,"column":78}},"12":{"start":{"line":17,"column":8},"end":{"line":29,"column":11}},"13":{"start":{"line":18,"column":12},"end":{"line":28,"column":13}},"14":{"start":{"line":19,"column":16},"end":{"line":19,"column":69}},"15":{"start":{"line":20,"column":33},"end":{"line":20,"column":80}},"16":{"start":{"line":23,"column":16},"end":{"line":23,"column":32}},"17":{"start":{"line":26,"column":16},"end":{"line":26,"column":63}},"18":{"start":{"line":27,"column":16},"end":{"line":27,"column":28}},"19":{"start":{"line":33,"column":8},"end":{"line":60,"column":11}},"20":{"start":{"line":34,"column":12},"end":{"line":34,"column":74}},"21":{"start":{"line":35,"column":24},"end":{"line":35,"column":67}},"22":{"start":{"line":36,"column":12},"end":{"line":59,"column":13}},"23":{"start":{"line":37,"column":33},"end":{"line":37,"column":53}},"24":{"start":{"line":38,"column":29},"end":{"line":38,"column":42}},"25":{"start":{"line":39,"column":31},"end":{"line":39,"column":67}},"26":{"start":{"line":41,"column":16},"end":{"line":41,"column":80}},"27":{"start":{"line":43,"column":33},"end":{"line":53,"column":17}},"28":{"start":{"line":54,"column":16},"end":{"line":54,"column":32}},"29":{"start":{"line":57,"column":16},"end":{"line":57,"column":57}},"30":{"start":{"line":58,"column":16},"end":{"line":58,"column":28}},"31":{"start":{"line":76,"column":8},"end":{"line":76,"column":38}},"32":{"start":{"line":81,"column":8},"end":{"line":81,"column":102}},"33":{"start":{"line":85,"column":8},"end":{"line":85,"column":75}},"34":{"start":{"line":85,"column":62},"end":{"line":85,"column":68}},"35":{"start":{"line":90,"column":8},"end":{"line":90,"column":123}},"36":{"start":{"line":94,"column":8},"end":{"line":94,"column":41}},"37":{"start":{"line":98,"column":8},"end":{"line":129,"column":9}},"38":{"start":{"line":99,"column":12},"end":{"line":124,"column":13}},"39":{"start":{"line":101,"column":29},"end":{"line":101,"column":92}},"40":{"start":{"line":103,"column":16},"end":{"line":108,"column":17}},"41":{"start":{"line":104,"column":20},"end":{"line":104,"column":90}},"42":{"start":{"line":106,"column":21},"end":{"line":108,"column":17}},"43":{"start":{"line":107,"column":20},"end":{"line":107,"column":86}},"44":{"start":{"line":110,"column":30},"end":{"line":110,"column":58}},"45":{"start":{"line":111,"column":36},"end":{"line":111,"column":57}},"46":{"start":{"line":113,"column":16},"end":{"line":113,"column":70}},"47":{"start":{"line":115,"column":16},"end":{"line":118,"column":17}},"48":{"start":{"line":116,"column":20},"end":{"line":116,"column":65}},"49":{"start":{"line":117,"column":20},"end":{"line":117,"column":30}},"50":{"start":{"line":119,"column":16},"end":{"line":119,"column":37}},"51":{"start":{"line":122,"column":16},"end":{"line":122,"column":74}},"52":{"start":{"line":123,"column":16},"end":{"line":123,"column":26}},"53":{"start":{"line":127,"column":12},"end":{"line":127,"column":63}},"54":{"start":{"line":128,"column":12},"end":{"line":128,"column":22}}},"fnMap":{"0":{"name":"(anonymous_0)","decl":{"start":{"line":1,"column":44},"end":{"line":1,"column":52}},"loc":{"start":{"line":1,"column":89},"end":{"line":9,"column":1}}},"1":{"name":"adopt","decl":{"start":{"line":2,"column":13},"end":{"line":2,"column":18}},"loc":{"start":{"line":2,"column":26},"end":{"line":2,"column":112}}},"2":{"name":"(anonymous_2)","decl":{"start":{"line":2,"column":70},"end":{"line":2,"column":78}},"loc":{"start":{"line":2,"column":89},"end":{"line":2,"column":108}}},"3":{"name":"(anonymous_3)","decl":{"start":{"line":3,"column":36},"end":{"line":3,"column":44}},"loc":{"start":{"line":3,"column":63},"end":{"line":8,"column":5}}},"4":{"name":"fulfilled","decl":{"start":{"line":4,"column":17},"end":{"line":4,"column":26}},"loc":{"start":{"line":4,"column":34},"end":{"line":4,"column":99}}},"5":{"name":"rejected","decl":{"start":{"line":5,"column":17},"end":{"line":5,"column":25}},"loc":{"start":{"line":5,"column":33},"end":{"line":5,"column":102}}},"6":{"name":"step","decl":{"start":{"line":6,"column":17},"end":{"line":6,"column":21}},"loc":{"start":{"line":6,"column":30},"end":{"line":6,"column":118}}},"7":{"name":"(anonymous_7)","decl":{"start":{"line":16,"column":4},"end":{"line":16,"column":10}},"loc":{"start":{"line":16,"column":39},"end":{"line":30,"column":5}}},"8":{"name":"(anonymous_8)","decl":{"start":{"line":17,"column":47},"end":{"line":17,"column":55}},"loc":{"start":{"line":17,"column":60},"end":{"line":29,"column":9}}},"9":{"name":"(anonymous_9)","decl":{"start":{"line":32,"column":4},"end":{"line":32,"column":10}},"loc":{"start":{"line":32,"column":48},"end":{"line":61,"column":5}}},"10":{"name":"(anonymous_10)","decl":{"start":{"line":33,"column":47},"end":{"line":33,"column":55}},"loc":{"start":{"line":33,"column":60},"end":{"line":60,"column":9}}},"11":{"name":"(anonymous_11)","decl":{"start":{"line":75,"column":4},"end":{"line":75,"column":10}},"loc":{"start":{"line":75,"column":25},"end":{"line":77,"column":5}}},"12":{"name":"(anonymous_12)","decl":{"start":{"line":79,"column":4},"end":{"line":79,"column":10}},"loc":{"start":{"line":79,"column":28},"end":{"line":82,"column":5}}},"13":{"name":"(anonymous_13)","decl":{"start":{"line":84,"column":4},"end":{"line":84,"column":10}},"loc":{"start":{"line":84,"column":32},"end":{"line":86,"column":5}}},"14":{"name":"(anonymous_14)","decl":{"start":{"line":85,"column":55},"end":{"line":85,"column":56}},"loc":{"start":{"line":85,"column":62},"end":{"line":85,"column":68}}},"15":{"name":"(anonymous_15)","decl":{"start":{"line":88,"column":4},"end":{"line":88,"column":10}},"loc":{"start":{"line":88,"column":33},"end":{"line":91,"column":5}}},"16":{"name":"(anonymous_16)","decl":{"start":{"line":93,"column":4},"end":{"line":93,"column":10}},"loc":{"start":{"line":93,"column":28},"end":{"line":95,"column":5}}},"17":{"name":"(anonymous_17)","decl":{"start":{"line":97,"column":4},"end":{"line":97,"column":10}},"loc":{"start":{"line":97,"column":37},"end":{"line":130,"column":5}}}},"branchMap":{"0":{"loc":{"start":{"line":1,"column":16},"end":{"line":9,"column":1}},"type":"binary-expr","locations":[{"start":{"line":1,"column":17},"end":{"line":1,"column":21}},{"start":{"line":1,"column":25},"end":{"line":1,"column":39}},{"start":{"line":1,"column":44},"end":{"line":9,"column":1}}]},"1":{"loc":{"start":{"line":2,"column":35},"end":{"line":2,"column":109}},"type":"cond-expr","locations":[{"start":{"line":2,"column":56},"end":{"line":2,"column":61}},{"start":{"line":2,"column":64},"end":{"line":2,"column":109}}]},"2":{"loc":{"start":{"line":3,"column":16},"end":{"line":3,"column":34}},"type":"binary-expr","locations":[{"start":{"line":3,"column":16},"end":{"line":3,"column":17}},{"start":{"line":3,"column":22},"end":{"line":3,"column":33}}]},"3":{"loc":{"start":{"line":6,"column":32},"end":{"line":6,"column":115}},"type":"cond-expr","locations":[{"start":{"line":6,"column":46},"end":{"line":6,"column":67}},{"start":{"line":6,"column":70},"end":{"line":6,"column":115}}]},"4":{"loc":{"start":{"line":7,"column":51},"end":{"line":7,"column":67}},"type":"binary-expr","locations":[{"start":{"line":7,"column":51},"end":{"line":7,"column":61}},{"start":{"line":7,"column":65},"end":{"line":7,"column":67}}]},"5":{"loc":{"start":{"line":76,"column":15},"end":{"line":76,"column":37}},"type":"binary-expr","locations":[{"start":{"line":76,"column":15},"end":{"line":76,"column":24}},{"start":{"line":76,"column":28},"end":{"line":76,"column":37}}]},"6":{"loc":{"start":{"line":81,"column":15},"end":{"line":81,"column":101}},"type":"binary-expr","locations":[{"start":{"line":81,"column":16},"end":{"line":81,"column":87}},{"start":{"line":81,"column":92},"end":{"line":81,"column":101}}]},"7":{"loc":{"start":{"line":81,"column":16},"end":{"line":81,"column":87}},"type":"cond-expr","locations":[{"start":{"line":81,"column":69},"end":{"line":81,"column":75}},{"start":{"line":81,"column":78},"end":{"line":81,"column":87}}]},"8":{"loc":{"start":{"line":81,"column":16},"end":{"line":81,"column":66}},"type":"binary-expr","locations":[{"start":{"line":81,"column":16},"end":{"line":81,"column":49}},{"start":{"line":81,"column":53},"end":{"line":81,"column":66}}]},"9":{"loc":{"start":{"line":85,"column":15},"end":{"line":85,"column":74}},"type":"cond-expr","locations":[{"start":{"line":85,"column":34},"end":{"line":85,"column":69}},{"start":{"line":85,"column":72},"end":{"line":85,"column":74}}]},"10":{"loc":{"start":{"line":90,"column":15},"end":{"line":90,"column":122}},"type":"binary-expr","locations":[{"start":{"line":90,"column":16},"end":{"line":90,"column":115}},{"start":{"line":90,"column":120},"end":{"line":90,"column":122}}]},"11":{"loc":{"start":{"line":90,"column":16},"end":{"line":90,"column":115}},"type":"cond-expr","locations":[{"start":{"line":90,"column":91},"end":{"line":90,"column":97}},{"start":{"line":90,"column":100},"end":{"line":90,"column":115}}]},"12":{"loc":{"start":{"line":90,"column":16},"end":{"line":90,"column":88}},"type":"binary-expr","locations":[{"start":{"line":90,"column":16},"end":{"line":90,"column":71}},{"start":{"line":90,"column":75},"end":{"line":90,"column":88}}]},"13":{"loc":{"start":{"line":94,"column":15},"end":{"line":94,"column":40}},"type":"binary-expr","locations":[{"start":{"line":94,"column":15},"end":{"line":94,"column":27}},{"start":{"line":94,"column":31},"end":{"line":94,"column":40}}]},"14":{"loc":{"start":{"line":99,"column":12},"end":{"line":124,"column":13}},"type":"if","locations":[{"start":{"line":99,"column":12},"end":{"line":124,"column":13}},{"start":{"line":121,"column":17},"end":{"line":124,"column":13}}]},"15":{"loc":{"start":{"line":99,"column":16},"end":{"line":99,"column":54}},"type":"binary-expr","locations":[{"start":{"line":99,"column":16},"end":{"line":99,"column":31}},{"start":{"line":99,"column":35},"end":{"line":99,"column":54}}]},"16":{"loc":{"start":{"line":103,"column":16},"end":{"line":108,"column":17}},"type":"if","locations":[{"start":{"line":103,"column":16},"end":{"line":108,"column":17}},{"start":{"line":106,"column":21},"end":{"line":108,"column":17}}]},"17":{"loc":{"start":{"line":106,"column":21},"end":{"line":108,"column":17}},"type":"if","locations":[{"start":{"line":106,"column":21},"end":{"line":108,"column":17}},{"start":{},"end":{}}]},"18":{"loc":{"start":{"line":115,"column":16},"end":{"line":118,"column":17}},"type":"if","locations":[{"start":{"line":115,"column":16},"end":{"line":118,"column":17}},{"start":{},"end":{}}]}},"s":{"0":4,"1":4,"2":0,"3":4,"4":2,"5":2,"6":0,"7":2,"8":2,"9":2,"10":6,"11":4,"12":2,"13":2,"14":2,"15":2,"16":1,"17":1,"18":1,"19":2,"20":2,"21":2,"22":2,"23":2,"24":1,"25":1,"26":1,"27":1,"28":1,"29":1,"30":1,"31":1,"32":1,"33":1,"34":1,"35":1,"36":1,"37":5,"38":5,"39":4,"40":4,"41":1,"42":3,"43":0,"44":4,"45":3,"46":3,"47":3,"48":0,"49":0,"50":3,"51":1,"52":1,"53":1,"54":1},"f":{"0":4,"1":4,"2":0,"3":4,"4":2,"5":2,"6":6,"7":2,"8":2,"9":2,"10":2,"11":1,"12":1,"13":1,"14":1,"15":1,"16":1,"17":5},"b":{"0":[4,4,4],"1":[4,0],"2":[4,4],"3":[2,4],"4":[4,4],"5":[1,0],"6":[1,0],"7":[0,1],"8":[1,1],"9":[1,0],"10":[1,0],"11":[0,1],"12":[1,1],"13":[1,0],"14":[4,1],"15":[5,4],"16":[1,3],"17":[0,3],"18":[0,3]}}
,"/home/shay/a/kumar565/ece461/ECE-461-Project-Repo/src/output_formatter.js": {"path":"/home/shay/a/kumar565/ece461/ECE-461-Project-Repo/src/output_formatter.js","statementMap":{"0":{"start":{"line":13,"column":22},"end":{"line":13,"column":32}},"1":{"start":{"line":14,"column":29},"end":{"line":26,"column":78}},"2":{"start":{"line":27,"column":4},"end":{"line":27,"column":34}}},"fnMap":{"0":{"name":"output_formatter","decl":{"start":{"line":12,"column":16},"end":{"line":12,"column":32}},"loc":{"start":{"line":12,"column":65},"end":{"line":28,"column":1}}}},"branchMap":{},"s":{"0":0,"1":0,"2":0},"f":{"0":0},"b":{}}
,"/home/shay/a/kumar565/ece461/ECE-461-Project-Repo/src/rampUp.js": {"path":"/home/shay/a/kumar565/ece461/ECE-461-Project-Repo/src/rampUp.js","statementMap":{"0":{"start":{"line":1,"column":16},"end":{"line":9,"column":1}},"1":{"start":{"line":2,"column":28},"end":{"line":2,"column":110}},"2":{"start":{"line":2,"column":91},"end":{"line":2,"column":106}},"3":{"start":{"line":3,"column":4},"end":{"line":8,"column":7}},"4":{"start":{"line":4,"column":36},"end":{"line":4,"column":97}},"5":{"start":{"line":4,"column":42},"end":{"line":4,"column":70}},"6":{"start":{"line":4,"column":85},"end":{"line":4,"column":95}},"7":{"start":{"line":5,"column":35},"end":{"line":5,"column":100}},"8":{"start":{"line":5,"column":41},"end":{"line":5,"column":73}},"9":{"start":{"line":5,"column":88},"end":{"line":5,"column":98}},"10":{"start":{"line":6,"column":32},"end":{"line":6,"column":116}},"11":{"start":{"line":7,"column":8},"end":{"line":7,"column":78}},"12":{"start":{"line":18,"column":20},"end":{"line":18,"column":35}},"13":{"start":{"line":21,"column":4},"end":{"line":31,"column":7}},"14":{"start":{"line":22,"column":8},"end":{"line":30,"column":9}},"15":{"start":{"line":23,"column":12},"end":{"line":26,"column":13}},"16":{"start":{"line":24,"column":16},"end":{"line":24,"column":70}},"17":{"start":{"line":29,"column":12},"end":{"line":29,"column":74}},"18":{"start":{"line":35,"column":18},"end":{"line":35,"column":49}},"19":{"start":{"line":36,"column":4},"end":{"line":39,"column":6}},"20":{"start":{"line":43,"column":4},"end":{"line":64,"column":7}},"21":{"start":{"line":44,"column":8},"end":{"line":63,"column":9}},"22":{"start":{"line":45,"column":31},"end":{"line":45,"column":74}},"23":{"start":{"line":47,"column":12},"end":{"line":50,"column":13}},"24":{"start":{"line":48,"column":16},"end":{"line":48,"column":53}},"25":{"start":{"line":49,"column":16},"end":{"line":49,"column":25}},"26":{"start":{"line":51,"column":34},"end":{"line":51,"column":69}},"27":{"start":{"line":52,"column":37},"end":{"line":52,"column":70}},"28":{"start":{"line":53,"column":38},"end":{"line":53,"column":76}},"29":{"start":{"line":56,"column":31},"end":{"line":56,"column":59}},"30":{"start":{"line":58,"column":12},"end":{"line":58,"column":30}},"31":{"start":{"line":61,"column":12},"end":{"line":61,"column":74}},"32":{"start":{"line":62,"column":12},"end":{"line":62,"column":21}},"33":{"start":{"line":67,"column":4},"end":{"line":67,"column":38}},"34":{"start":{"line":70,"column":4},"end":{"line":70,"column":37}},"35":{"start":{"line":74,"column":4},"end":{"line":126,"column":7}},"36":{"start":{"line":76,"column":8},"end":{"line":125,"column":9}},"37":{"start":{"line":80,"column":30},"end":{"line":80,"column":76}},"38":{"start":{"line":82,"column":30},"end":{"line":82,"column":31}},"39":{"start":{"line":84,"column":12},"end":{"line":116,"column":13}},"40":{"start":{"line":90,"column":16},"end":{"line":90,"column":72}},"41":{"start":{"line":94,"column":17},"end":{"line":116,"column":13}},"42":{"start":{"line":96,"column":36},"end":{"line":96,"column":62}},"43":{"start":{"line":97,"column":36},"end":{"line":97,"column":86}},"44":{"start":{"line":100,"column":16},"end":{"line":110,"column":17}},"45":{"start":{"line":104,"column":20},"end":{"line":104,"column":76}},"46":{"start":{"line":109,"column":20},"end":{"line":109,"column":70}},"47":{"start":{"line":114,"column":16},"end":{"line":114,"column":91}},"48":{"start":{"line":115,"column":16},"end":{"line":115,"column":25}},"49":{"start":{"line":120,"column":12},"end":{"line":120,"column":44}},"50":{"start":{"line":123,"column":12},"end":{"line":123,"column":72}},"51":{"start":{"line":124,"column":12},"end":{"line":124,"column":21}}},"fnMap":{"0":{"name":"(anonymous_0)","decl":{"start":{"line":1,"column":44},"end":{"line":1,"column":52}},"loc":{"start":{"line":1,"column":89},"end":{"line":9,"column":1}}},"1":{"name":"adopt","decl":{"start":{"line":2,"column":13},"end":{"line":2,"column":18}},"loc":{"start":{"line":2,"column":26},"end":{"line":2,"column":112}}},"2":{"name":"(anonymous_2)","decl":{"start":{"line":2,"column":70},"end":{"line":2,"column":78}},"loc":{"start":{"line":2,"column":89},"end":{"line":2,"column":108}}},"3":{"name":"(anonymous_3)","decl":{"start":{"line":3,"column":36},"end":{"line":3,"column":44}},"loc":{"start":{"line":3,"column":63},"end":{"line":8,"column":5}}},"4":{"name":"fulfilled","decl":{"start":{"line":4,"column":17},"end":{"line":4,"column":26}},"loc":{"start":{"line":4,"column":34},"end":{"line":4,"column":99}}},"5":{"name":"rejected","decl":{"start":{"line":5,"column":17},"end":{"line":5,"column":25}},"loc":{"start":{"line":5,"column":33},"end":{"line":5,"column":102}}},"6":{"name":"step","decl":{"start":{"line":6,"column":17},"end":{"line":6,"column":21}},"loc":{"start":{"line":6,"column":30},"end":{"line":6,"column":118}}},"7":{"name":"deleteDirectory","decl":{"start":{"line":20,"column":9},"end":{"line":20,"column":24}},"loc":{"start":{"line":20,"column":35},"end":{"line":32,"column":1}}},"8":{"name":"(anonymous_8)","decl":{"start":{"line":21,"column":43},"end":{"line":21,"column":51}},"loc":{"start":{"line":21,"column":56},"end":{"line":31,"column":5}}},"9":{"name":"calculateReadability","decl":{"start":{"line":34,"column":9},"end":{"line":34,"column":29}},"loc":{"start":{"line":34,"column":43},"end":{"line":40,"column":1}}},"10":{"name":"checkDocumentationQuality","decl":{"start":{"line":42,"column":9},"end":{"line":42,"column":34}},"loc":{"start":{"line":42,"column":45},"end":{"line":65,"column":1}}},"11":{"name":"(anonymous_11)","decl":{"start":{"line":43,"column":43},"end":{"line":43,"column":51}},"loc":{"start":{"line":43,"column":56},"end":{"line":64,"column":5}}},"12":{"name":"isGithubUrl","decl":{"start":{"line":66,"column":9},"end":{"line":66,"column":20}},"loc":{"start":{"line":66,"column":26},"end":{"line":68,"column":1}}},"13":{"name":"isNpmUrl","decl":{"start":{"line":69,"column":9},"end":{"line":69,"column":17}},"loc":{"start":{"line":69,"column":23},"end":{"line":71,"column":1}}},"14":{"name":"calculateRampUpScore","decl":{"start":{"line":73,"column":16},"end":{"line":73,"column":36}},"loc":{"start":{"line":73,"column":52},"end":{"line":127,"column":1}}},"15":{"name":"(anonymous_15)","decl":{"start":{"line":74,"column":43},"end":{"line":74,"column":51}},"loc":{"start":{"line":74,"column":56},"end":{"line":126,"column":5}}}},"branchMap":{"0":{"loc":{"start":{"line":1,"column":16},"end":{"line":9,"column":1}},"type":"binary-expr","locations":[{"start":{"line":1,"column":17},"end":{"line":1,"column":21}},{"start":{"line":1,"column":25},"end":{"line":1,"column":39}},{"start":{"line":1,"column":44},"end":{"line":9,"column":1}}]},"1":{"loc":{"start":{"line":2,"column":35},"end":{"line":2,"column":109}},"type":"cond-expr","locations":[{"start":{"line":2,"column":56},"end":{"line":2,"column":61}},{"start":{"line":2,"column":64},"end":{"line":2,"column":109}}]},"2":{"loc":{"start":{"line":3,"column":16},"end":{"line":3,"column":34}},"type":"binary-expr","locations":[{"start":{"line":3,"column":16},"end":{"line":3,"column":17}},{"start":{"line":3,"column":22},"end":{"line":3,"column":33}}]},"3":{"loc":{"start":{"line":6,"column":32},"end":{"line":6,"column":115}},"type":"cond-expr","locations":[{"start":{"line":6,"column":46},"end":{"line":6,"column":67}},{"start":{"line":6,"column":70},"end":{"line":6,"column":115}}]},"4":{"loc":{"start":{"line":7,"column":51},"end":{"line":7,"column":67}},"type":"binary-expr","locations":[{"start":{"line":7,"column":51},"end":{"line":7,"column":61}},{"start":{"line":7,"column":65},"end":{"line":7,"column":67}}]},"5":{"loc":{"start":{"line":23,"column":12},"end":{"line":26,"column":13}},"type":"if","locations":[{"start":{"line":23,"column":12},"end":{"line":26,"column":13}},{"start":{},"end":{}}]},"6":{"loc":{"start":{"line":47,"column":12},"end":{"line":50,"column":13}},"type":"if","locations":[{"start":{"line":47,"column":12},"end":{"line":50,"column":13}},{"start":{},"end":{}}]},"7":{"loc":{"start":{"line":80,"column":30},"end":{"line":80,"column":76}},"type":"cond-expr","locations":[{"start":{"line":80,"column":56},"end":{"line":80,"column":59}},{"start":{"line":80,"column":62},"end":{"line":80,"column":76}}]},"8":{"loc":{"start":{"line":84,"column":12},"end":{"line":116,"column":13}},"type":"if","locations":[{"start":{"line":84,"column":12},"end":{"line":116,"column":13}},{"start":{"line":94,"column":17},"end":{"line":116,"column":13}}]},"9":{"loc":{"start":{"line":94,"column":17},"end":{"line":116,"column":13}},"type":"if","locations":[{"start":{"line":94,"column":17},"end":{"line":116,"column":13}},{"start":{"line":113,"column":17},"end":{"line":116,"column":13}}]},"10":{"loc":{"start":{"line":97,"column":68},"end":{"line":97,"column":85}},"type":"binary-expr","locations":[{"start":{"line":97,"column":68},"end":{"line":97,"column":79}},{"start":{"line":97,"column":83},"end":{"line":97,"column":85}}]},"11":{"loc":{"start":{"line":100,"column":16},"end":{"line":110,"column":17}},"type":"if","locations":[{"start":{"line":100,"column":16},"end":{"line":110,"column":17}},{"start":{"line":106,"column":21},"end":{"line":110,"column":17}}]},"12":{"loc":{"start":{"line":100,"column":20},"end":{"line":100,"column":73}},"type":"binary-expr","locations":[{"start":{"line":100,"column":20},"end":{"line":100,"column":38}},{"start":{"line":100,"column":42},"end":{"line":100,"column":73}}]}},"s":{"0":2,"1":3,"2":1,"3":4,"4":3,"5":3,"6":0,"7":0,"8":0,"9":0,"10":7,"11":4,"12":2,"13":0,"14":0,"15":0,"16":0,"17":0,"18":1,"19":1,"20":2,"21":2,"22":2,"23":2,"24":1,"25":1,"26":1,"27":1,"28":1,"29":1,"30":1,"31":0,"32":0,"33":2,"34":0,"35":2,"36":2,"37":2,"38":2,"39":2,"40":2,"41":0,"42":0,"43":0,"44":0,"45":0,"46":0,"47":0,"48":0,"49":2,"50":0,"51":0},"f":{"0":4,"1":3,"2":1,"3":4,"4":3,"5":0,"6":7,"7":0,"8":0,"9":1,"10":2,"11":2,"12":2,"13":0,"14":2,"15":2},"b":{"0":[2,2,2],"1":[2,1],"2":[4,4],"3":[4,3],"4":[4,4],"5":[0,0],"6":[1,1],"7":[2,0],"8":[2,0],"9":[0,0],"10":[0,0],"11":[0,0],"12":[0,0]}}
,"/home/shay/a/kumar565/ece461/ECE-461-Project-Repo/src/template_for_license.js": {"path":"/home/shay/a/kumar565/ece461/ECE-461-Project-Repo/src/template_for_license.js","statementMap":{"0":{"start":{"line":1,"column":16},"end":{"line":9,"column":1}},"1":{"start":{"line":2,"column":28},"end":{"line":2,"column":110}},"2":{"start":{"line":2,"column":91},"end":{"line":2,"column":106}},"3":{"start":{"line":3,"column":4},"end":{"line":8,"column":7}},"4":{"start":{"line":4,"column":36},"end":{"line":4,"column":97}},"5":{"start":{"line":4,"column":42},"end":{"line":4,"column":70}},"6":{"start":{"line":4,"column":85},"end":{"line":4,"column":95}},"7":{"start":{"line":5,"column":35},"end":{"line":5,"column":100}},"8":{"start":{"line":5,"column":41},"end":{"line":5,"column":73}},"9":{"start":{"line":5,"column":88},"end":{"line":5,"column":98}},"10":{"start":{"line":6,"column":32},"end":{"line":6,"column":116}},"11":{"start":{"line":7,"column":8},"end":{"line":7,"column":78}},"12":{"start":{"line":15,"column":28},"end":{"line":16,"column":87}},"13":{"start":{"line":18,"column":4},"end":{"line":53,"column":7}},"14":{"start":{"line":19,"column":8},"end":{"line":22,"column":9}},"15":{"start":{"line":20,"column":12},"end":{"line":20,"column":83}},"16":{"start":{"line":21,"column":12},"end":{"line":21,"column":25}},"17":{"start":{"line":25,"column":8},"end":{"line":52,"column":9}},"18":{"start":{"line":29,"column":26},"end":{"line":29,"column":49}},"19":{"start":{"line":35,"column":12},"end":{"line":45,"column":13}},"20":{"start":{"line":37,"column":16},"end":{"line":44,"column":17}},"21":{"start":{"line":38,"column":36},"end":{"line":38,"column":71}},"22":{"start":{"line":39,"column":20},"end":{"line":39,"column":67}},"23":{"start":{"line":40,"column":36},"end":{"line":40,"column":61}},"24":{"start":{"line":42,"column":20},"end":{"line":43,"column":39}},"25":{"start":{"line":43,"column":24},"end":{"line":43,"column":39}},"26":{"start":{"line":47,"column":12},"end":{"line":47,"column":25}},"27":{"start":{"line":50,"column":12},"end":{"line":50,"column":62}},"28":{"start":{"line":51,"column":12},"end":{"line":51,"column":25}},"29":{"start":{"line":56,"column":4},"end":{"line":67,"column":7}},"30":{"start":{"line":57,"column":8},"end":{"line":65,"column":11}},"31":{"start":{"line":66,"column":8},"end":{"line":66,"column":63}},"32":{"start":{"line":70,"column":4},"end":{"line":74,"column":7}},"33":{"start":{"line":71,"column":8},"end":{"line":71,"column":71}},"34":{"start":{"line":72,"column":20},"end":{"line":72,"column":74}},"35":{"start":{"line":73,"column":8},"end":{"line":73,"column":21}},"36":{"start":{"line":77,"column":4},"end":{"line":108,"column":7}},"37":{"start":{"line":78,"column":8},"end":{"line":90,"column":9}},"38":{"start":{"line":80,"column":29},"end":{"line":80,"column":57}},"39":{"start":{"line":83,"column":25},"end":{"line":83,"column":70}},"40":{"start":{"line":85,"column":12},"end":{"line":85,"column":24}},"41":{"start":{"line":88,"column":12},"end":{"line":88,"column":67}},"42":{"start":{"line":89,"column":12},"end":{"line":89,"column":29}},"43":{"start":{"line":111,"column":4},"end":{"line":118,"column":7}},"44":{"start":{"line":112,"column":8},"end":{"line":116,"column":9}},"45":{"start":{"line":112,"column":21},"end":{"line":112,"column":22}},"46":{"start":{"line":113,"column":12},"end":{"line":115,"column":13}},"47":{"start":{"line":114,"column":16},"end":{"line":114,"column":28}},"48":{"start":{"line":117,"column":8},"end":{"line":117,"column":21}}},"fnMap":{"0":{"name":"(anonymous_0)","decl":{"start":{"line":1,"column":44},"end":{"line":1,"column":52}},"loc":{"start":{"line":1,"column":89},"end":{"line":9,"column":1}}},"1":{"name":"adopt","decl":{"start":{"line":2,"column":13},"end":{"line":2,"column":18}},"loc":{"start":{"line":2,"column":26},"end":{"line":2,"column":112}}},"2":{"name":"(anonymous_2)","decl":{"start":{"line":2,"column":70},"end":{"line":2,"column":78}},"loc":{"start":{"line":2,"column":89},"end":{"line":2,"column":108}}},"3":{"name":"(anonymous_3)","decl":{"start":{"line":3,"column":36},"end":{"line":3,"column":44}},"loc":{"start":{"line":3,"column":63},"end":{"line":8,"column":5}}},"4":{"name":"fulfilled","decl":{"start":{"line":4,"column":17},"end":{"line":4,"column":26}},"loc":{"start":{"line":4,"column":34},"end":{"line":4,"column":99}}},"5":{"name":"rejected","decl":{"start":{"line":5,"column":17},"end":{"line":5,"column":25}},"loc":{"start":{"line":5,"column":33},"end":{"line":5,"column":102}}},"6":{"name":"step","decl":{"start":{"line":6,"column":17},"end":{"line":6,"column":21}},"loc":{"start":{"line":6,"column":30},"end":{"line":6,"column":118}}},"7":{"name":"temp_license","decl":{"start":{"line":17,"column":16},"end":{"line":17,"column":28}},"loc":{"start":{"line":17,"column":47},"end":{"line":54,"column":1}}},"8":{"name":"(anonymous_8)","decl":{"start":{"line":18,"column":43},"end":{"line":18,"column":51}},"loc":{"start":{"line":18,"column":56},"end":{"line":53,"column":5}}},"9":{"name":"cloneRepository","decl":{"start":{"line":55,"column":9},"end":{"line":55,"column":24}},"loc":{"start":{"line":55,"column":43},"end":{"line":68,"column":1}}},"10":{"name":"(anonymous_10)","decl":{"start":{"line":56,"column":43},"end":{"line":56,"column":51}},"loc":{"start":{"line":56,"column":56},"end":{"line":67,"column":5}}},"11":{"name":"getRootFiles","decl":{"start":{"line":69,"column":9},"end":{"line":69,"column":21}},"loc":{"start":{"line":69,"column":31},"end":{"line":75,"column":1}}},"12":{"name":"(anonymous_12)","decl":{"start":{"line":70,"column":43},"end":{"line":70,"column":51}},"loc":{"start":{"line":70,"column":56},"end":{"line":74,"column":5}}},"13":{"name":"getFileContent","decl":{"start":{"line":76,"column":9},"end":{"line":76,"column":23}},"loc":{"start":{"line":76,"column":43},"end":{"line":109,"column":1}}},"14":{"name":"(anonymous_14)","decl":{"start":{"line":77,"column":43},"end":{"line":77,"column":51}},"loc":{"start":{"line":77,"column":56},"end":{"line":108,"column":5}}},"15":{"name":"license_verifier","decl":{"start":{"line":110,"column":16},"end":{"line":110,"column":32}},"loc":{"start":{"line":110,"column":48},"end":{"line":119,"column":1}}},"16":{"name":"(anonymous_16)","decl":{"start":{"line":111,"column":43},"end":{"line":111,"column":51}},"loc":{"start":{"line":111,"column":56},"end":{"line":118,"column":5}}}},"branchMap":{"0":{"loc":{"start":{"line":1,"column":16},"end":{"line":9,"column":1}},"type":"binary-expr","locations":[{"start":{"line":1,"column":17},"end":{"line":1,"column":21}},{"start":{"line":1,"column":25},"end":{"line":1,"column":39}},{"start":{"line":1,"column":44},"end":{"line":9,"column":1}}]},"1":{"loc":{"start":{"line":2,"column":35},"end":{"line":2,"column":109}},"type":"cond-expr","locations":[{"start":{"line":2,"column":56},"end":{"line":2,"column":61}},{"start":{"line":2,"column":64},"end":{"line":2,"column":109}}]},"2":{"loc":{"start":{"line":3,"column":16},"end":{"line":3,"column":34}},"type":"binary-expr","locations":[{"start":{"line":3,"column":16},"end":{"line":3,"column":17}},{"start":{"line":3,"column":22},"end":{"line":3,"column":33}}]},"3":{"loc":{"start":{"line":6,"column":32},"end":{"line":6,"column":115}},"type":"cond-expr","locations":[{"start":{"line":6,"column":46},"end":{"line":6,"column":67}},{"start":{"line":6,"column":70},"end":{"line":6,"column":115}}]},"4":{"loc":{"start":{"line":7,"column":51},"end":{"line":7,"column":67}},"type":"binary-expr","locations":[{"start":{"line":7,"column":51},"end":{"line":7,"column":61}},{"start":{"line":7,"column":65},"end":{"line":7,"column":67}}]},"5":{"loc":{"start":{"line":19,"column":8},"end":{"line":22,"column":9}},"type":"if","locations":[{"start":{"line":19,"column":8},"end":{"line":22,"column":9}},{"start":{},"end":{}}]},"6":{"loc":{"start":{"line":37,"column":16},"end":{"line":44,"column":17}},"type":"if","locations":[{"start":{"line":37,"column":16},"end":{"line":44,"column":17}},{"start":{},"end":{}}]},"7":{"loc":{"start":{"line":37,"column":20},"end":{"line":37,"column":134}},"type":"binary-expr","locations":[{"start":{"line":37,"column":20},"end":{"line":37,"column":60}},{"start":{"line":37,"column":64},"end":{"line":37,"column":96}},{"start":{"line":37,"column":100},"end":{"line":37,"column":134}}]},"8":{"loc":{"start":{"line":42,"column":20},"end":{"line":43,"column":39}},"type":"if","locations":[{"start":{"line":42,"column":20},"end":{"line":43,"column":39}},{"start":{},"end":{}}]},"9":{"loc":{"start":{"line":113,"column":12},"end":{"line":115,"column":13}},"type":"if","locations":[{"start":{"line":113,"column":12},"end":{"line":115,"column":13}},{"start":{},"end":{}}]}},"s":{"0":2,"1":4,"2":0,"3":7,"4":4,"5":4,"6":0,"7":0,"8":0,"9":0,"10":11,"11":7,"12":2,"13":3,"14":3,"15":1,"16":1,"17":2,"18":2,"19":2,"20":15,"21":2,"22":2,"23":2,"24":2,"25":2,"26":0,"27":0,"28":0,"29":0,"30":0,"31":0,"32":0,"33":0,"34":0,"35":0,"36":2,"37":2,"38":2,"39":2,"40":2,"41":0,"42":0,"43":2,"44":2,"45":2,"46":5,"47":1,"48":1},"f":{"0":7,"1":4,"2":0,"3":7,"4":4,"5":0,"6":11,"7":3,"8":3,"9":0,"10":0,"11":0,"12":0,"13":2,"14":2,"15":2,"16":2},"b":{"0":[2,2,2],"1":[4,0],"2":[7,7],"3":[7,4],"4":[7,7],"5":[1,2],"6":[2,13],"7":[15,15,14],"8":[2,0],"9":[1,4]}}
,"/home/shay/a/kumar565/ece461/ECE-461-Project-Repo/src/urlhandler.js": {"path":"/home/shay/a/kumar565/ece461/ECE-461-Project-Repo/src/urlhandler.js","statementMap":{"0":{"start":{"line":1,"column":16},"end":{"line":9,"column":1}},"1":{"start":{"line":2,"column":28},"end":{"line":2,"column":110}},"2":{"start":{"line":2,"column":91},"end":{"line":2,"column":106}},"3":{"start":{"line":3,"column":4},"end":{"line":8,"column":7}},"4":{"start":{"line":4,"column":36},"end":{"line":4,"column":97}},"5":{"start":{"line":4,"column":42},"end":{"line":4,"column":70}},"6":{"start":{"line":4,"column":85},"end":{"line":4,"column":95}},"7":{"start":{"line":5,"column":35},"end":{"line":5,"column":100}},"8":{"start":{"line":5,"column":41},"end":{"line":5,"column":73}},"9":{"start":{"line":5,"column":88},"end":{"line":5,"column":98}},"10":{"start":{"line":6,"column":32},"end":{"line":6,"column":116}},"11":{"start":{"line":7,"column":8},"end":{"line":7,"column":78}},"12":{"start":{"line":17,"column":8},"end":{"line":24,"column":9}},"13":{"start":{"line":18,"column":12},"end":{"line":18,"column":36}},"14":{"start":{"line":19,"column":12},"end":{"line":19,"column":83}},"15":{"start":{"line":20,"column":12},"end":{"line":20,"column":83}},"16":{"start":{"line":23,"column":12},"end":{"line":23,"column":41}},"17":{"start":{"line":27,"column":8},"end":{"line":32,"column":9}},"18":{"start":{"line":28,"column":12},"end":{"line":28,"column":28}},"19":{"start":{"line":30,"column":13},"end":{"line":32,"column":9}},"20":{"start":{"line":31,"column":12},"end":{"line":31,"column":25}},"21":{"start":{"line":33,"column":8},"end":{"line":33,"column":27}},"22":{"start":{"line":36,"column":8},"end":{"line":54,"column":11}},"23":{"start":{"line":37,"column":12},"end":{"line":53,"column":13}},"24":{"start":{"line":38,"column":33},"end":{"line":38,"column":69}},"25":{"start":{"line":39,"column":29},"end":{"line":39,"column":102}},"26":{"start":{"line":39,"column":61},"end":{"line":39,"column":71}},"27":{"start":{"line":39,"column":87},"end":{"line":39,"column":101}},"28":{"start":{"line":40,"column":16},"end":{"line":49,"column":17}},"29":{"start":{"line":41,"column":20},"end":{"line":48,"column":21}},"30":{"start":{"line":42,"column":24},"end":{"line":42,"column":62}},"31":{"start":{"line":43,"column":40},"end":{"line":43,"column":59}},"32":{"start":{"line":44,"column":24},"end":{"line":44,"column":47}},"33":{"start":{"line":47,"column":24},"end":{"line":47,"column":70}},"34":{"start":{"line":52,"column":16},"end":{"line":52,"column":57}},"35":{"start":{"line":57,"column":8},"end":{"line":118,"column":11}},"36":{"start":{"line":60,"column":12},"end":{"line":117,"column":13}},"37":{"start":{"line":61,"column":35},"end":{"line":61,"column":73}},"38":{"start":{"line":62,"column":29},"end":{"line":62,"column":62}},"39":{"start":{"line":64,"column":16},"end":{"line":64,"column":71}},"40":{"start":{"line":65,"column":16},"end":{"line":65,"column":67}},"41":{"start":{"line":66,"column":16},"end":{"line":66,"column":59}},"42":{"start":{"line":67,"column":16},"end":{"line":67,"column":71}},"43":{"start":{"line":68,"column":16},"end":{"line":68,"column":28}},"44":{"start":{"line":94,"column":17},"end":{"line":117,"column":13}},"45":{"start":{"line":96,"column":30},"end":{"line":96,"column":76}},"46":{"start":{"line":97,"column":36},"end":{"line":97,"column":59}},"47":{"start":{"line":98,"column":16},"end":{"line":113,"column":17}},"48":{"start":{"line":99,"column":33},"end":{"line":99,"column":77}},"49":{"start":{"line":103,"column":20},"end":{"line":103,"column":52}},"50":{"start":{"line":104,"column":39},"end":{"line":104,"column":77}},"51":{"start":{"line":105,"column":20},"end":{"line":105,"column":75}},"52":{"start":{"line":106,"column":20},"end":{"line":106,"column":71}},"53":{"start":{"line":107,"column":20},"end":{"line":107,"column":63}},"54":{"start":{"line":108,"column":20},"end":{"line":108,"column":75}},"55":{"start":{"line":109,"column":20},"end":{"line":109,"column":32}},"56":{"start":{"line":112,"column":20},"end":{"line":112,"column":61}},"57":{"start":{"line":116,"column":16},"end":{"line":116,"column":55}}},"fnMap":{"0":{"name":"(anonymous_0)","decl":{"start":{"line":1,"column":44},"end":{"line":1,"column":52}},"loc":{"start":{"line":1,"column":89},"end":{"line":9,"column":1}}},"1":{"name":"adopt","decl":{"start":{"line":2,"column":13},"end":{"line":2,"column":18}},"loc":{"start":{"line":2,"column":26},"end":{"line":2,"column":112}}},"2":{"name":"(anonymous_2)","decl":{"start":{"line":2,"column":70},"end":{"line":2,"column":78}},"loc":{"start":{"line":2,"column":89},"end":{"line":2,"column":108}}},"3":{"name":"(anonymous_3)","decl":{"start":{"line":3,"column":36},"end":{"line":3,"column":44}},"loc":{"start":{"line":3,"column":63},"end":{"line":8,"column":5}}},"4":{"name":"fulfilled","decl":{"start":{"line":4,"column":17},"end":{"line":4,"column":26}},"loc":{"start":{"line":4,"column":34},"end":{"line":4,"column":99}}},"5":{"name":"rejected","decl":{"start":{"line":5,"column":17},"end":{"line":5,"column":25}},"loc":{"start":{"line":5,"column":33},"end":{"line":5,"column":102}}},"6":{"name":"step","decl":{"start":{"line":6,"column":17},"end":{"line":6,"column":21}},"loc":{"start":{"line":6,"column":30},"end":{"line":6,"column":118}}},"7":{"name":"(anonymous_7)","decl":{"start":{"line":16,"column":4},"end":{"line":16,"column":15}},"loc":{"start":{"line":16,"column":21},"end":{"line":25,"column":5}}},"8":{"name":"(anonymous_8)","decl":{"start":{"line":26,"column":4},"end":{"line":26,"column":12}},"loc":{"start":{"line":26,"column":26},"end":{"line":34,"column":5}}},"9":{"name":"(anonymous_9)","decl":{"start":{"line":35,"column":4},"end":{"line":35,"column":10}},"loc":{"start":{"line":35,"column":41},"end":{"line":55,"column":5}}},"10":{"name":"(anonymous_10)","decl":{"start":{"line":36,"column":47},"end":{"line":36,"column":55}},"loc":{"start":{"line":36,"column":60},"end":{"line":54,"column":9}}},"11":{"name":"(anonymous_11)","decl":{"start":{"line":39,"column":54},"end":{"line":39,"column":57}},"loc":{"start":{"line":39,"column":61},"end":{"line":39,"column":71}}},"12":{"name":"(anonymous_12)","decl":{"start":{"line":39,"column":80},"end":{"line":39,"column":83}},"loc":{"start":{"line":39,"column":87},"end":{"line":39,"column":101}}},"13":{"name":"(anonymous_13)","decl":{"start":{"line":56,"column":4},"end":{"line":56,"column":10}},"loc":{"start":{"line":56,"column":13},"end":{"line":119,"column":5}}},"14":{"name":"(anonymous_14)","decl":{"start":{"line":57,"column":47},"end":{"line":57,"column":55}},"loc":{"start":{"line":57,"column":60},"end":{"line":118,"column":9}}}},"branchMap":{"0":{"loc":{"start":{"line":1,"column":16},"end":{"line":9,"column":1}},"type":"binary-expr","locations":[{"start":{"line":1,"column":17},"end":{"line":1,"column":21}},{"start":{"line":1,"column":25},"end":{"line":1,"column":39}},{"start":{"line":1,"column":44},"end":{"line":9,"column":1}}]},"1":{"loc":{"start":{"line":2,"column":35},"end":{"line":2,"column":109}},"type":"cond-expr","locations":[{"start":{"line":2,"column":56},"end":{"line":2,"column":61}},{"start":{"line":2,"column":64},"end":{"line":2,"column":109}}]},"2":{"loc":{"start":{"line":3,"column":16},"end":{"line":3,"column":34}},"type":"binary-expr","locations":[{"start":{"line":3,"column":16},"end":{"line":3,"column":17}},{"start":{"line":3,"column":22},"end":{"line":3,"column":33}}]},"3":{"loc":{"start":{"line":6,"column":32},"end":{"line":6,"column":115}},"type":"cond-expr","locations":[{"start":{"line":6,"column":46},"end":{"line":6,"column":67}},{"start":{"line":6,"column":70},"end":{"line":6,"column":115}}]},"4":{"loc":{"start":{"line":7,"column":51},"end":{"line":7,"column":67}},"type":"binary-expr","locations":[{"start":{"line":7,"column":51},"end":{"line":7,"column":61}},{"start":{"line":7,"column":65},"end":{"line":7,"column":67}}]},"5":{"loc":{"start":{"line":27,"column":8},"end":{"line":32,"column":9}},"type":"if","locations":[{"start":{"line":27,"column":8},"end":{"line":32,"column":9}},{"start":{"line":30,"column":13},"end":{"line":32,"column":9}}]},"6":{"loc":{"start":{"line":30,"column":13},"end":{"line":32,"column":9}},"type":"if","locations":[{"start":{"line":30,"column":13},"end":{"line":32,"column":9}},{"start":{},"end":{}}]},"7":{"loc":{"start":{"line":60,"column":12},"end":{"line":117,"column":13}},"type":"if","locations":[{"start":{"line":60,"column":12},"end":{"line":117,"column":13}},{"start":{"line":94,"column":17},"end":{"line":117,"column":13}}]},"8":{"loc":{"start":{"line":94,"column":17},"end":{"line":117,"column":13}},"type":"if","locations":[{"start":{"line":94,"column":17},"end":{"line":117,"column":13}},{"start":{"line":115,"column":17},"end":{"line":117,"column":13}}]},"9":{"loc":{"start":{"line":97,"column":36},"end":{"line":97,"column":59}},"type":"cond-expr","locations":[{"start":{"line":97,"column":44},"end":{"line":97,"column":52}},{"start":{"line":97,"column":55},"end":{"line":97,"column":59}}]},"10":{"loc":{"start":{"line":98,"column":16},"end":{"line":113,"column":17}},"type":"if","locations":[{"start":{"line":98,"column":16},"end":{"line":113,"column":17}},{"start":{"line":111,"column":21},"end":{"line":113,"column":17}}]}},"s":{"0":2,"1":10,"2":0,"3":3,"4":10,"5":10,"6":0,"7":0,"8":0,"9":0,"10":13,"11":3,"12":6,"13":6,"14":6,"15":6,"16":0,"17":6,"18":2,"19":4,"20":2,"21":2,"22":0,"23":0,"24":0,"25":0,"26":0,"27":0,"28":0,"29":0,"30":0,"31":0,"32":0,"33":0,"34":0,"35":3,"36":3,"37":1,"38":1,"39":1,"40":1,"41":1,"42":1,"43":1,"44":2,"45":1,"46":1,"47":1,"48":1,"49":1,"50":1,"51":1,"52":1,"53":1,"54":1,"55":1,"56":0,"57":1},"f":{"0":3,"1":10,"2":0,"3":3,"4":10,"5":0,"6":13,"7":6,"8":6,"9":0,"10":0,"11":0,"12":0,"13":3,"14":3},"b":{"0":[2,2,2],"1":[10,0],"2":[3,3],"3":[3,10],"4":[3,3],"5":[2,4],"6":[2,2],"7":[1,2],"8":[1,1],"9":[1,0],"10":[1,0]}}
}
