{"total": {"lines":{"total":514,"covered":415,"skipped":0,"pct":80.73},"statements":{"total":567,"covered":435,"skipped":0,"pct":76.71},"functions":{"total":152,"covered":121,"skipped":0,"pct":79.6},"branches":{"total":236,"covered":183,"skipped":0,"pct":77.54},"branchesTrue":{"total":0,"covered":0,"skipped":0,"pct":"Unknown"}}
,"/home/shay/a/kumar565/ece461/ECE-461-Project-Repo/src/gitAPIHandler.js": {"lines":{"total":88,"covered":66,"skipped":0,"pct":75},"functions":{"total":26,"covered":22,"skipped":0,"pct":84.61},"statements":{"total":93,"covered":67,"skipped":0,"pct":72.04},"branches":{"total":21,"covered":16,"skipped":0,"pct":76.19}}
,"/home/shay/a/kumar565/ece461/ECE-461-Project-Repo/src/github_utils.js": {"lines":{"total":21,"covered":21,"skipped":0,"pct":100},"functions":{"total":11,"covered":10,"skipped":0,"pct":90.9},"statements":{"total":26,"covered":24,"skipped":0,"pct":92.3},"branches":{"total":13,"covered":11,"skipped":0,"pct":84.61}}
,"/home/shay/a/kumar565/ece461/ECE-461-Project-Repo/src/logging.js": {"lines":{"total":9,"covered":6,"skipped":0,"pct":66.66},"functions":{"total":1,"covered":1,"skipped":0,"pct":100},"statements":{"total":9,"covered":6,"skipped":0,"pct":66.66},"branches":{"total":8,"covered":3,"skipped":0,"pct":37.5}}
,"/home/shay/a/kumar565/ece461/ECE-461-Project-Repo/src/main_program.js": {"lines":{"total":42,"covered":33,"skipped":0,"pct":78.57},"functions":{"total":10,"covered":9,"skipped":0,"pct":90},"statements":{"total":49,"covered":37,"skipped":0,"pct":75.51},"branches":{"total":19,"covered":15,"skipped":0,"pct":78.94}}
,"/home/shay/a/kumar565/ece461/ECE-461-Project-Repo/src/maintainer_calculator.js": {"lines":{"total":74,"covered":71,"skipped":0,"pct":95.94},"functions":{"total":7,"covered":7,"skipped":0,"pct":100},"statements":{"total":74,"covered":71,"skipped":0,"pct":95.94},"branches":{"total":36,"covered":31,"skipped":0,"pct":86.11}}
,"/home/shay/a/kumar565/ece461/ECE-461-Project-Repo/src/metric_manager.js": {"lines":{"total":61,"covered":54,"skipped":0,"pct":88.52},"functions":{"total":18,"covered":15,"skipped":0,"pct":83.33},"statements":{"total":66,"covered":55,"skipped":0,"pct":83.33},"branches":{"total":13,"covered":11,"skipped":0,"pct":84.61}}
,"/home/shay/a/kumar565/ece461/ECE-461-Project-Repo/src/new_bus_factor_calc.js": {"lines":{"total":26,"covered":23,"skipped":0,"pct":88.46},"functions":{"total":12,"covered":8,"skipped":0,"pct":66.66},"statements":{"total":33,"covered":25,"skipped":0,"pct":75.75},"branches":{"total":15,"covered":12,"skipped":0,"pct":80}}
,"/home/shay/a/kumar565/ece461/ECE-461-Project-Repo/src/npmHandler.js": {"lines":{"total":49,"covered":46,"skipped":0,"pct":93.87},"functions":{"total":18,"covered":17,"skipped":0,"pct":94.44},"statements":{"total":55,"covered":50,"skipped":0,"pct":90.9},"branches":{"total":39,"covered":29,"skipped":0,"pct":74.35}}
,"/home/shay/a/kumar565/ece461/ECE-461-Project-Repo/src/output_formatter.js": {"lines":{"total":3,"covered":0,"skipped":0,"pct":0},"functions":{"total":1,"covered":0,"skipped":0,"pct":0},"statements":{"total":3,"covered":0,"skipped":0,"pct":0},"branches":{"total":0,"covered":0,"skipped":0,"pct":100}}
,"/home/shay/a/kumar565/ece461/ECE-461-Project-Repo/src/rampUp.js": {"lines":{"total":47,"covered":28,"skipped":0,"pct":59.57},"functions":{"total":16,"covered":12,"skipped":0,"pct":75},"statements":{"total":52,"covered":30,"skipped":0,"pct":57.69},"branches":{"total":27,"covered":15,"skipped":0,"pct":55.55}}
,"/home/shay/a/kumar565/ece461/ECE-461-Project-Repo/src/template_for_license.js": {"lines":{"total":43,"covered":30,"skipped":0,"pct":69.76},"functions":{"total":17,"covered":11,"skipped":0,"pct":64.7},"statements":{"total":49,"covered":32,"skipped":0,"pct":65.3},"branches":{"total":22,"covered":20,"skipped":0,"pct":90.9}}
,"/home/shay/a/kumar565/ece461/ECE-461-Project-Repo/src/urlhandler.js": {"lines":{"total":51,"covered":37,"skipped":0,"pct":72.54},"functions":{"total":15,"covered":9,"skipped":0,"pct":60},"statements":{"total":58,"covered":38,"skipped":0,"pct":65.51},"branches":{"total":23,"covered":20,"skipped":0,"pct":86.95}}
}
